SF:D:\VarnaAI\fwchange\backend\app\api\__init__.py
end_of_record
SF:D:\VarnaAI\fwchange\backend\app\api\v1\__init__.py
DA:9,1
DA:11,1
DA:12,1
DA:14,1
DA:17,1
DA:18,1
DA:19,1
DA:20,1
DA:21,1
DA:22,1
DA:23,1
DA:24,1
DA:25,1
DA:26,1
DA:27,1
DA:28,1
DA:29,1
DA:30,1
DA:31,1
DA:32,1
DA:33,1
DA:34,1
DA:35,1
DA:36,1
DA:37,1
DA:38,1
DA:39,1
DA:40,1
DA:41,1
LF:29
LH:29
end_of_record
SF:D:\VarnaAI\fwchange\backend\app\api\v1\analytics.py
DA:9,1
DA:10,1
DA:11,1
DA:12,1
DA:14,1
DA:15,1
DA:16,1
DA:17,1
DA:18,1
DA:20,1
DA:22,1
DA:25,1
DA:26,1
DA:40,0
DA:41,0
DA:47,0
DA:48,0
DA:50,0
DA:51,0
DA:52,0
DA:58,1
DA:59,1
DA:73,0
DA:74,0
DA:81,0
DA:83,0
DA:84,0
DA:85,0
DA:91,1
DA:92,1
DA:107,0
DA:108,0
DA:114,0
DA:116,0
DA:117,0
DA:121,0
DA:122,0
DA:123,0
DA:129,1
DA:130,1
DA:143,0
DA:144,0
DA:150,0
DA:155,0
DA:156,0
DA:157,0
DA:163,1
DA:164,1
DA:178,0
DA:179,0
DA:185,0
DA:187,0
DA:188,0
DA:189,0
DA:195,1
DA:196,1
DA:210,0
DA:211,0
DA:217,0
DA:219,0
DA:220,0
DA:221,0
LF:62
LH:23
FN:26,55,get_dashboard_summary
FNDA:0,get_dashboard_summary
FN:59,88,get_time_series_metrics
FNDA:0,get_time_series_metrics
FN:92,126,get_firewall_analytics
FNDA:0,get_firewall_analytics
FN:130,160,get_top_firewalls
FNDA:0,get_top_firewalls
FN:164,192,get_recommendation_trends
FNDA:0,get_recommendation_trends
FN:196,224,get_impact_metrics
FNDA:0,get_impact_metrics
FNF:6
FNH:0
end_of_record
SF:D:\VarnaAI\fwchange\backend\app\api\v1\audit_logs.py
DA:9,1
DA:10,1
DA:11,1
DA:12,1
DA:13,1
DA:15,1
DA:16,1
DA:17,1
DA:18,1
DA:19,1
DA:21,1
DA:22,1
DA:23,1
DA:24,1
DA:25,1
DA:33,1
DA:34,1
DA:41,1
DA:47,0
DA:48,0
DA:49,0
DA:55,1
DA:57,0
DA:58,0
DA:61,0
DA:62,0
DA:63,0
DA:64,0
DA:67,0
DA:68,0
DA:69,0
DA:70,0
DA:71,0
DA:72,0
DA:75,0
DA:76,0
DA:79,0
DA:80,0
DA:83,0
DA:84,0
DA:85,0
DA:86,0
DA:89,0
DA:90,0
DA:91,0
DA:96,0
DA:99,0
DA:100,0
DA:102,0
DA:109,1
DA:110,1
DA:133,0
DA:136,0
DA:154,0
DA:157,0
DA:158,0
DA:159,0
DA:162,0
DA:163,0
DA:164,0
DA:166,0
DA:169,0
DA:170,0
DA:173,0
DA:174,0
DA:176,0
DA:184,1
DA:185,1
DA:195,0
DA:197,0
DA:198,0
DA:199,0
DA:201,0
DA:202,0
DA:207,0
DA:210,1
DA:211,1
DA:222,0
DA:225,0
DA:226,0
DA:228,0
DA:229,0
DA:230,0
DA:231,0
DA:233,0
DA:234,0
DA:237,0
DA:238,0
DA:239,0
DA:242,0
DA:246,0
DA:247,0
DA:248,0
DA:251,0
DA:255,0
DA:256,0
DA:257,0
DA:260,0
DA:261,0
DA:262,0
DA:265,0
DA:269,0
DA:270,0
DA:273,0
DA:277,0
DA:278,0
DA:279,0
DA:280,0
DA:281,0
DA:283,0
DA:293,1
DA:294,1
DA:304,0
DA:307,0
DA:310,0
DA:313,0
DA:316,0
DA:317,0
DA:319,0
DA:320,0
DA:323,0
DA:329,1
DA:332,0
DA:336,0
DA:339,0
DA:340,0
DA:343,0
DA:346,0
DA:347,0
DA:348,0
DA:349,0
DA:351,0
DA:352,0
DA:353,0
DA:354,0
DA:357,0
DA:358,0
DA:360,0
LF:138
LH:28
FN:41,52,check_audit_access
FNDA:0,check_audit_access
FN:55,102,build_audit_query
FNDA:0,build_audit_query
FN:110,181,list_audit_logs
FNDA:0,list_audit_logs
FN:185,207,get_audit_log
FNDA:0,get_audit_log
FN:211,290,get_audit_stats
FNDA:0,get_audit_stats
FN:294,326,export_audit_logs
FNDA:0,export_audit_logs
FN:329,364,export_csv
FNDA:0,export_csv
FNF:7
FNH:0
BRDA:48,0,jump to line 49,-
BRDA:48,0,return from function 'check_audit_access',-
BRDA:61,0,jump to line 62,-
BRDA:61,0,jump to line 63,-
BRDA:63,0,jump to line 64,-
BRDA:63,0,jump to line 67,-
BRDA:67,0,jump to line 68,-
BRDA:67,0,jump to line 69,-
BRDA:69,0,jump to line 70,-
BRDA:69,0,jump to line 71,-
BRDA:71,0,jump to line 72,-
BRDA:71,0,jump to line 75,-
BRDA:75,0,jump to line 76,-
BRDA:75,0,jump to line 79,-
BRDA:79,0,jump to line 80,-
BRDA:79,0,jump to line 83,-
BRDA:83,0,jump to line 84,-
BRDA:83,0,jump to line 85,-
BRDA:85,0,jump to line 86,-
BRDA:85,0,jump to line 89,-
BRDA:89,0,jump to line 90,-
BRDA:89,0,jump to line 99,-
BRDA:99,0,jump to line 100,-
BRDA:99,0,jump to line 102,-
BRDA:163,0,jump to line 164,-
BRDA:163,0,jump to line 166,-
BRDA:201,0,jump to line 202,-
BRDA:201,0,jump to line 207,-
BRDA:228,0,jump to line 229,-
BRDA:228,0,jump to line 230,-
BRDA:230,0,jump to line 231,-
BRDA:230,0,jump to line 233,-
BRDA:233,0,jump to line 234,-
BRDA:233,0,jump to line 237,-
BRDA:277,0,jump to line 278,-
BRDA:277,0,jump to line 279,-
BRDA:319,0,jump to line 320,-
BRDA:319,0,jump to line 323,-
BRDA:346,0,jump to line 347,-
BRDA:346,0,jump to line 357,-
BRDA:348,0,jump to line 349,-
BRDA:348,0,jump to line 354,-
BRDA:351,0,jump to line 352,-
BRDA:351,0,jump to line 353,-
BRF:44
BRH:0
end_of_record
SF:D:\VarnaAI\fwchange\backend\app\api\v1\auth.py
DA:9,1
DA:10,1
DA:11,1
DA:12,1
DA:13,1
DA:14,1
DA:16,1
DA:17,1
DA:27,1
DA:28,1
DA:29,1
DA:30,1
DA:38,1
DA:40,1
DA:41,1
DA:44,1
DA:51,0
DA:52,0
DA:53,0
DA:55,0
DA:56,0
DA:58,0
DA:59,0
DA:64,0
DA:65,0
DA:66,0
DA:71,0
DA:72,0
DA:73,0
DA:75,0
DA:76,0
DA:81,0
DA:84,1
DA:94,1
DA:95,0
DA:96,0
DA:100,0
DA:101,1
DA:105,1
DA:108,1
DA:109,1
DA:110,1
DA:117,0
DA:118,0
DA:119,0
DA:125,0
DA:126,0
DA:127,0
DA:133,0
DA:134,0
DA:143,0
DA:144,0
DA:145,0
DA:147,0
DA:150,1
DA:151,1
DA:152,1
DA:160,0
DA:161,0
DA:165,0
DA:168,0
DA:169,0
DA:170,0
DA:175,0
DA:176,0
DA:181,0
DA:182,0
DA:188,0
DA:191,0
DA:192,0
DA:195,0
DA:196,0
DA:199,0
DA:208,0
DA:218,0
DA:221,0
DA:222,0
DA:224,0
DA:232,1
DA:233,1
DA:234,1
DA:240,0
DA:242,0
DA:243,0
DA:248,0
DA:249,0
DA:250,0
DA:255,0
DA:256,0
DA:257,0
DA:259,0
DA:260,0
DA:266,0
DA:267,0
DA:270,0
DA:279,0
DA:288,0
DA:291,1
DA:292,1
DA:294,0
DA:295,0
DA:296,0
DA:299,1
DA:300,1
DA:302,0
DA:305,1
DA:306,1
DA:311,0
DA:312,0
DA:314,0
DA:315,0
DA:317,0
LF:112
LH:35
FN:44,81,get_current_user
FNDA:0,get_current_user
FN:84,101,require_role
FNDA:1,require_role
FN:94,100,require_role.role_checker
FNDA:0,require_role.role_checker
FN:110,147,register
FNDA:0,register
FN:152,229,login
FNDA:0,login
FN:234,288,refresh_token_endpoint
FNDA:0,refresh_token_endpoint
FN:292,296,logout
FNDA:0,logout
FN:300,302,get_current_user_info
FNDA:0,get_current_user_info
FN:306,317,refresh_csrf
FNDA:0,refresh_csrf
FNF:9
FNH:1
BRDA:52,0,jump to line 53,-
BRDA:52,0,jump to line 55,-
BRDA:55,0,jump to line 56,-
BRDA:55,0,jump to line 58,-
BRDA:58,0,jump to line 59,-
BRDA:58,0,jump to line 64,-
BRDA:65,0,jump to line 66,-
BRDA:65,0,jump to line 71,-
BRDA:75,0,jump to line 76,-
BRDA:75,0,jump to line 81,-
BRDA:95,0,jump to line 96,-
BRDA:95,0,jump to line 100,-
BRDA:118,0,jump to line 119,-
BRDA:118,0,jump to line 125,-
BRDA:126,0,jump to line 127,-
BRDA:126,0,jump to line 133,-
BRDA:165,0,jump to line 168,-
BRDA:165,0,jump to line 175,-
BRDA:175,0,jump to line 176,-
BRDA:175,0,jump to line 181,-
BRDA:181,0,jump to line 182,-
BRDA:181,0,jump to line 188,-
BRDA:242,0,jump to line 243,-
BRDA:242,0,jump to line 248,-
BRDA:249,0,jump to line 250,-
BRDA:249,0,jump to line 255,-
BRDA:259,0,jump to line 260,-
BRDA:259,0,jump to line 266,-
BRDA:314,0,jump to line 315,-
BRDA:314,0,jump to line 317,-
BRF:30
BRH:0
end_of_record
SF:D:\VarnaAI\fwchange\backend\app\api\v1\bulk_import.py
DA:9,1
DA:10,1
DA:11,1
DA:12,1
DA:14,1
DA:15,1
DA:16,1
DA:17,1
DA:26,1
DA:28,1
DA:31,1
DA:32,1
DA:39,0
DA:40,0
DA:42,0
DA:49,1
DA:50,1
DA:58,0
DA:59,0
DA:61,0
DA:63,0
DA:65,0
DA:66,0
DA:67,0
DA:68,0
DA:69,0
DA:71,0
DA:72,0
DA:73,0
DA:75,0
DA:82,0
DA:84,0
DA:91,1
DA:92,1
DA:106,0
DA:107,0
DA:108,0
DA:114,0
DA:115,0
DA:116,0
DA:117,0
DA:119,0
DA:120,0
DA:125,0
DA:127,0
DA:131,0
DA:132,0
DA:138,0
DA:141,0
DA:142,0
DA:143,0
DA:149,0
DA:150,0
DA:151,0
DA:152,0
DA:153,0
DA:156,0
DA:161,0
DA:163,0
DA:175,0
DA:176,0
DA:182,1
DA:183,1
DA:193,0
DA:194,0
DA:195,0
DA:200,0
DA:202,0
DA:203,0
DA:214,0
DA:215,0
DA:216,0
DA:219,0
DA:220,0
DA:221,0
DA:222,0
DA:223,0
DA:224,0
DA:226,0
DA:228,0
DA:241,0
DA:242,0
DA:246,0
DA:247,0
DA:253,1
DA:254,1
DA:263,0
DA:265,0
DA:269,0
DA:270,0
DA:272,0
LF:91
LH:20
FN:32,46,get_import_template
FNDA:0,get_import_template
FN:50,88,download_template
FNDA:0,download_template
FN:92,179,preview_import
FNDA:0,preview_import
FN:183,250,execute_import
FNDA:0,execute_import
FN:254,275,validate_single_row
FNDA:0,validate_single_row
FNF:5
FNH:0
BRDA:63,0,jump to line 65,-
BRDA:63,0,jump to line 82,-
BRDA:107,0,jump to line 108,-
BRDA:107,0,jump to line 114,-
BRDA:119,0,jump to line 120,-
BRDA:119,0,jump to line 125,-
BRDA:131,0,jump to line 132,-
BRDA:131,0,jump to line 138,-
BRDA:150,0,jump to line 151,-
BRDA:150,0,jump to line 156,-
BRDA:151,0,jump to line 150,-
BRDA:151,0,jump to line 152,-
BRDA:194,0,jump to line 195,-
BRDA:194,0,jump to line 200,-
BRDA:219,0,jump to line 220,-
BRDA:219,0,jump to line 221,-
BRDA:221,0,jump to line 222,-
BRDA:221,0,jump to line 223,-
BRDA:223,0,jump to line 224,-
BRDA:223,0,jump to line 226,-
BRDA:269,0,jump to line 270,-
BRDA:269,0,jump to line 272,-
BRF:22
BRH:0
end_of_record
SF:D:\VarnaAI\fwchange\backend\app\api\v1\changes.py
DA:9,1
DA:10,1
DA:11,1
DA:12,1
DA:13,1
DA:15,1
DA:16,1
DA:17,1
DA:18,1
DA:19,1
DA:20,1
DA:21,1
DA:23,1
DA:26,1
DA:27,1
DA:33,0
DA:46,0
DA:47,0
DA:48,0
DA:51,0
DA:53,0
DA:56,1
DA:57,1
DA:65,0
DA:71,0
DA:74,0
DA:75,0
DA:78,0
DA:79,0
DA:80,0
DA:83,0
DA:84,0
DA:86,0
DA:87,0
DA:89,0
DA:97,1
DA:98,1
DA:104,0
DA:110,0
DA:112,0
DA:113,0
DA:115,0
DA:116,0
DA:118,0
DA:121,1
DA:122,1
DA:129,0
DA:135,0
DA:137,0
DA:138,0
DA:140,0
DA:141,0
DA:144,0
DA:145,0
DA:146,0
DA:148,0
DA:149,0
DA:152,0
DA:153,0
DA:155,0
DA:158,1
DA:159,1
DA:165,0
DA:168,0
DA:170,0
DA:171,0
DA:173,0
DA:174,0
DA:176,0
DA:177,0
DA:180,0
DA:181,0
DA:183,0
DA:186,1
DA:187,1
DA:193,0
DA:196,0
DA:197,0
DA:198,0
DA:201,0
DA:202,0
DA:203,0
DA:206,0
DA:210,0
DA:211,0
DA:212,0
DA:214,0
DA:215,0
DA:218,0
DA:222,0
DA:223,0
DA:224,0
DA:226,0
DA:227,0
DA:230,0
DA:234,0
DA:235,0
DA:236,0
DA:238,0
DA:239,0
DA:241,0
LF:101
LH:25
FN:27,53,create_change
FNDA:0,create_change
FN:57,94,list_changes
FNDA:0,list_changes
FN:98,118,get_change
FNDA:0,get_change
FN:122,155,update_change
FNDA:0,update_change
FN:159,183,delete_change
FNDA:0,delete_change
FN:187,246,get_stats_summary
FNDA:0,get_stats_summary
FNF:6
FNH:0
BRDA:74,0,jump to line 75,-
BRDA:74,0,jump to line 78,-
BRDA:115,0,jump to line 116,-
BRDA:115,0,jump to line 118,-
BRDA:140,0,jump to line 141,-
BRDA:140,0,jump to line 144,-
BRDA:145,0,jump to line 146,-
BRDA:145,0,jump to line 148,-
BRDA:173,0,jump to line 174,-
BRDA:173,0,jump to line 176,-
BRDA:197,0,jump to line 198,-
BRDA:197,0,jump to line 201,-
BRDA:210,0,jump to line 211,-
BRDA:210,0,jump to line 212,-
BRDA:222,0,jump to line 223,-
BRDA:222,0,jump to line 224,-
BRDA:234,0,jump to line 235,-
BRDA:234,0,jump to line 236,-
BRF:18
BRH:0
end_of_record
SF:D:\VarnaAI\fwchange\backend\app\api\v1\conflict_prediction.py
DA:9,1
DA:10,1
DA:11,1
DA:12,1
DA:13,1
DA:15,1
DA:16,1
DA:17,1
DA:23,1
DA:24,1
DA:25,1
DA:28,1
DA:31,1
DA:33,0
DA:34,0
DA:42,1
DA:44,1
DA:45,1
DA:46,1
DA:47,1
DA:48,1
DA:49,1
DA:50,1
DA:51,1
DA:52,1
DA:53,1
DA:56,1
DA:58,1
DA:59,1
DA:60,1
DA:61,1
DA:64,1
DA:72,1
DA:75,1
DA:86,1
DA:89,1
DA:90,1
DA:91,1
DA:92,1
DA:93,1
DA:94,1
DA:97,1
DA:104,1
DA:110,1
DA:126,0
DA:127,0
DA:130,0
DA:135,0
DA:137,0
DA:139,0
DA:142,0
DA:143,0
DA:144,0
DA:149,0
DA:150,0
DA:151,0
DA:154,0
DA:157,0
DA:165,0
DA:178,0
DA:189,1
DA:195,1
DA:205,0
DA:206,0
DA:210,0
DA:216,1
DA:222,1
DA:231,0
DA:232,0
DA:233,0
DA:235,0
DA:238,1
DA:243,1
DA:247,0
DA:288,1
DA:293,1
DA:297,0
LF:77
LH:50
FN:31,37,require_role
FNDA:0,require_role
FN:110,186,predict_conflicts
FNDA:0,predict_conflicts
FN:195,213,train_model
FNDA:0,train_model
FN:222,235,get_feature_importance
FNDA:0,get_feature_importance
FN:243,285,list_conflict_types
FNDA:0,list_conflict_types
FN:293,320,list_risk_levels
FNDA:0,list_risk_levels
FNF:6
FNH:0
BRDA:33,0,jump to line 34,-
BRDA:33,0,return from function 'require_role',-
BRDA:137,0,jump to line 139,-
BRDA:137,0,jump to line 142,-
BRDA:143,0,jump to line 144,-
BRDA:143,0,jump to line 154,-
BRDA:150,0,jump to line 151,-
BRDA:150,0,jump to line 154,-
BRF:8
BRH:0
end_of_record
SF:D:\VarnaAI\fwchange\backend\app\api\v1\endpoints\optimization.py
DA:9,1
DA:10,1
DA:11,1
DA:12,1
DA:14,1
DA:15,1
DA:16,1
DA:17,1
DA:18,1
DA:28,1
DA:46,1
DA:47,1
DA:48,1
DA:49,1
DA:50,1
DA:52,1
DA:57,1
DA:58,1
DA:69,0
DA:70,0
DA:76,0
DA:77,0
DA:78,0
DA:80,0
DA:81,0
DA:86,0
DA:87,0
DA:93,0
DA:94,0
DA:101,0
DA:103,0
DA:104,0
DA:110,1
DA:111,1
DA:122,0
DA:123,0
DA:129,0
DA:130,0
DA:136,0
DA:138,0
DA:139,0
DA:145,1
DA:146,1
DA:152,0
DA:153,0
DA:154,0
DA:156,0
DA:157,0
DA:162,0
DA:167,1
DA:168,1
DA:184,0
DA:186,0
DA:187,0
DA:188,0
DA:189,0
DA:190,0
DA:191,0
DA:192,0
DA:193,0
DA:194,0
DA:195,0
DA:196,0
DA:197,0
DA:200,0
DA:201,0
DA:202,0
DA:204,0
DA:205,0
DA:208,0
DA:218,0
DA:219,0
DA:221,0
DA:222,0
DA:224,0
DA:232,1
DA:233,1
DA:239,0
DA:242,0
DA:243,0
DA:245,0
DA:246,0
DA:251,0
DA:254,1
DA:255,1
DA:267,0
DA:268,0
DA:273,0
DA:274,0
DA:281,0
DA:282,0
DA:301,0
DA:316,0
DA:318,0
DA:319,0
DA:325,1
DA:326,1
DA:338,0
DA:339,0
DA:344,0
DA:345,0
DA:353,0
DA:354,0
DA:374,0
DA:390,0
DA:392,0
DA:393,0
DA:399,1
DA:400,1
DA:412,0
DA:413,0
DA:418,0
DA:419,0
DA:427,0
DA:429,0
DA:430,0
DA:438,1
DA:439,1
DA:450,0
DA:451,0
DA:456,0
DA:457,0
DA:466,0
DA:481,0
DA:483,0
DA:484,0
DA:490,1
DA:491,1
DA:497,0
DA:498,0
DA:499,0
DA:501,0
DA:502,0
DA:507,0
DA:510,1
DA:511,1
DA:523,0
DA:524,0
DA:529,0
DA:530,0
DA:538,0
DA:539,0
DA:540,0
DA:541,0
DA:542,0
DA:543,0
DA:545,0
DA:546,0
DA:566,0
DA:582,0
DA:584,0
DA:586,0
DA:592,1
DA:593,1
DA:605,0
DA:606,0
DA:611,0
DA:612,0
DA:620,0
DA:637,0
DA:639,0
DA:640,0
DA:648,1
DA:649,1
DA:655,0
DA:656,0
DA:661,0
DA:663,0
DA:664,0
DA:670,1
DA:671,1
DA:677,0
DA:678,0
DA:679,0
DA:681,0
DA:682,0
DA:687,0
DA:690,1
DA:691,1
DA:703,0
DA:704,0
DA:709,0
DA:710,0
DA:711,0
DA:713,0
DA:714,0
DA:720,0
DA:721,0
DA:722,0
DA:724,0
DA:725,0
DA:727,0
LF:192
LH:46
FN:58,107,trigger_firewall_analysis
FNDA:0,trigger_firewall_analysis
FN:111,142,trigger_batch_analysis
FNDA:0,trigger_batch_analysis
FN:146,162,get_analysis_run
FNDA:0,get_analysis_run
FN:168,229,list_recommendations
FNDA:0,list_recommendations
FN:233,251,get_recommendation
FNDA:0,get_recommendation
FN:255,322,approve_recommendation
FNDA:0,approve_recommendation
FN:326,396,reject_recommendation
FNDA:0,reject_recommendation
FN:400,433,snooze_recommendation
FNDA:0,snooze_recommendation
FN:439,487,create_bundle
FNDA:0,create_bundle
FN:491,507,get_bundle
FNDA:0,get_bundle
FN:511,589,implement_bundle
FNDA:0,implement_bundle
FN:593,643,rollback_bundle
FNDA:0,rollback_bundle
FN:649,667,get_recommendation_statistics
FNDA:0,get_recommendation_statistics
FN:671,687,get_optimization_config
FNDA:0,get_optimization_config
FN:691,727,update_optimization_config
FNDA:0,update_optimization_config
FNF:15
FNH:0
BRDA:69,0,jump to line 70,-
BRDA:69,0,jump to line 76,-
BRDA:80,0,jump to line 81,-
BRDA:80,0,jump to line 86,-
BRDA:86,0,jump to line 87,-
BRDA:86,0,jump to line 93,-
BRDA:122,0,jump to line 123,-
BRDA:122,0,jump to line 129,-
BRDA:156,0,jump to line 157,-
BRDA:156,0,jump to line 162,-
BRDA:186,0,jump to line 187,-
BRDA:186,0,jump to line 188,-
BRDA:188,0,jump to line 189,-
BRDA:188,0,jump to line 190,-
BRDA:190,0,jump to line 191,-
BRDA:190,0,jump to line 192,-
BRDA:192,0,jump to line 193,-
BRDA:192,0,jump to line 194,-
BRDA:194,0,jump to line 195,-
BRDA:194,0,jump to line 196,-
BRDA:196,0,jump to line 197,-
BRDA:196,0,jump to line 200,-
BRDA:201,0,jump to line 202,-
BRDA:201,0,jump to line 204,-
BRDA:218,0,jump to line 219,-
BRDA:218,0,jump to line 221,-
BRDA:245,0,jump to line 246,-
BRDA:245,0,jump to line 251,-
BRDA:267,0,jump to line 268,-
BRDA:267,0,jump to line 273,-
BRDA:281,0,jump to line 282,-
BRDA:281,0,jump to line 301,-
BRDA:338,0,jump to line 339,-
BRDA:338,0,jump to line 344,-
BRDA:353,0,jump to line 354,-
BRDA:353,0,jump to line 374,-
BRDA:412,0,jump to line 413,-
BRDA:412,0,jump to line 418,-
BRDA:450,0,jump to line 451,-
BRDA:450,0,jump to line 456,-
BRDA:501,0,jump to line 502,-
BRDA:501,0,jump to line 507,-
BRDA:523,0,jump to line 524,-
BRDA:523,0,jump to line 529,-
BRDA:539,0,jump to line 540,-
BRDA:539,0,jump to line 545,-
BRDA:540,0,jump to line 541,-
BRDA:540,0,jump to line 542,-
BRDA:542,0,jump to line 539,-
BRDA:542,0,jump to line 543,-
BRDA:545,0,jump to line 546,-
BRDA:545,0,jump to line 566,-
BRDA:605,0,jump to line 606,-
BRDA:605,0,jump to line 611,-
BRDA:681,0,jump to line 682,-
BRDA:681,0,jump to line 687,-
BRDA:703,0,jump to line 704,-
BRDA:703,0,jump to line 709,-
BRDA:713,0,jump to line 714,-
BRDA:713,0,jump to line 720,-
BRDA:721,0,jump to line 722,-
BRDA:721,0,jump to line 724,-
BRF:62
BRH:0
end_of_record
SF:D:\VarnaAI\fwchange\backend\app\api\v1\firewalls.py
DA:9,1
DA:10,1
DA:11,1
DA:12,1
DA:13,1
DA:14,1
DA:15,1
DA:17,1
DA:18,1
DA:19,1
DA:20,1
DA:21,1
DA:22,1
DA:23,1
DA:24,1
DA:25,1
DA:26,1
DA:27,1
DA:28,1
DA:29,1
DA:31,1
DA:33,1
DA:36,1
DA:37,1
DA:43,0
DA:46,0
DA:47,0
DA:48,0
DA:49,0
DA:50,0
DA:51,0
DA:56,0
DA:71,0
DA:72,0
DA:73,0
DA:75,0
DA:78,1
DA:79,1
DA:87,0
DA:90,0
DA:93,0
DA:94,0
DA:97,0
DA:98,0
DA:99,0
DA:102,0
DA:103,0
DA:105,0
DA:106,0
DA:108,0
DA:116,1
DA:117,1
DA:123,0
DA:126,0
DA:128,0
DA:129,0
DA:131,0
DA:132,0
DA:134,0
DA:137,1
DA:138,1
DA:145,0
DA:148,0
DA:150,0
DA:151,0
DA:153,0
DA:154,0
DA:157,0
DA:158,0
DA:159,0
DA:161,0
DA:162,0
DA:164,0
DA:167,1
DA:168,1
DA:174,0
DA:177,0
DA:179,0
DA:180,0
DA:182,0
DA:183,0
DA:185,0
DA:186,0
DA:188,0
DA:191,1
DA:193,0
DA:200,0
DA:201,0
DA:202,0
DA:208,0
DA:210,0
DA:220,1
DA:221,1
DA:233,0
DA:234,0
DA:236,0
DA:237,0
DA:239,0
DA:240,0
DA:243,0
DA:245,0
DA:247,0
DA:248,0
DA:251,0
DA:252,0
DA:255,0
DA:257,0
DA:260,0
DA:265,0
DA:266,0
DA:268,0
DA:289,0
DA:290,0
DA:299,0
DA:300,0
DA:302,0
DA:304,0
DA:306,0
DA:313,0
DA:314,0
DA:316,0
DA:317,0
DA:318,0
DA:319,0
DA:321,0
DA:327,1
DA:329,0
DA:337,0
DA:340,1
DA:351,0
DA:352,0
DA:355,0
DA:356,0
DA:359,0
DA:360,0
DA:361,0
DA:362,0
DA:363,0
DA:364,0
DA:365,0
DA:366,0
DA:369,0
DA:370,0
DA:371,0
DA:372,0
DA:373,0
DA:374,0
DA:375,0
DA:376,0
DA:377,0
DA:378,0
DA:379,0
DA:380,0
DA:382,0
LF:154
LH:37
FN:37,75,create_firewall
FNDA:0,create_firewall
FN:79,113,list_firewalls
FNDA:0,list_firewalls
FN:117,134,get_firewall
FNDA:0,get_firewall
FN:138,164,update_firewall
FNDA:0,update_firewall
FN:168,188,delete_firewall
FNDA:0,delete_firewall
FN:191,217,_get_driver
FNDA:0,_get_driver
FN:221,324,sync_firewall_rules
FNDA:0,sync_firewall_rules
FN:327,337,_map_action
FNDA:0,_map_action
FN:340,382,_flatten_pa_list
FNDA:0,_flatten_pa_list
FNF:9
FNH:0
BRDA:47,0,jump to line 48,-
BRDA:47,0,jump to line 49,-
BRDA:50,0,jump to line 51,-
BRDA:50,0,jump to line 56,-
BRDA:93,0,jump to line 94,-
BRDA:93,0,jump to line 97,-
BRDA:131,0,jump to line 132,-
BRDA:131,0,jump to line 134,-
BRDA:153,0,jump to line 154,-
BRDA:153,0,jump to line 157,-
BRDA:158,0,jump to line 159,-
BRDA:158,0,jump to line 161,-
BRDA:182,0,jump to line 183,-
BRDA:182,0,jump to line 185,-
BRDA:201,0,jump to line 202,-
BRDA:201,0,jump to line 208,-
BRDA:239,0,jump to line 240,-
BRDA:239,0,jump to line 243,-
BRDA:266,0,jump to line 268,-
BRDA:266,0,jump to line 299,-
BRDA:351,0,jump to line 352,-
BRDA:351,0,jump to line 355,-
BRDA:355,0,jump to line 356,-
BRDA:355,0,jump to line 359,-
BRDA:359,0,jump to line 360,-
BRDA:359,0,jump to line 369,-
BRDA:360,0,jump to line 361,-
BRDA:360,0,jump to line 366,-
BRDA:362,0,jump to line 363,-
BRDA:362,0,jump to line 364,-
BRDA:364,0,jump to line 365,-
BRDA:364,0,jump to line 366,-
BRDA:369,0,jump to line 370,-
BRDA:369,0,jump to line 382,-
BRDA:371,0,jump to line 372,-
BRDA:371,0,jump to line 380,-
BRDA:372,0,jump to line 373,-
BRDA:372,0,jump to line 374,-
BRDA:374,0,jump to line 371,-
BRDA:374,0,jump to line 375,-
BRDA:376,0,jump to line 377,-
BRDA:376,0,jump to line 378,-
BRDA:378,0,jump to line 371,-
BRDA:378,0,jump to line 379,-
BRF:44
BRH:0
end_of_record
SF:D:\VarnaAI\fwchange\backend\app\api\v1\health.py
DA:4,1
DA:5,1
DA:6,1
DA:7,1
DA:8,1
DA:9,1
DA:10,1
DA:11,1
DA:13,1
DA:15,1
DA:16,1
DA:17,1
DA:18,1
DA:20,1
DA:23,1
DA:25,0
DA:26,0
DA:29,0
DA:30,0
DA:32,0
DA:35,0
DA:36,0
DA:37,0
DA:39,0
DA:46,0
DA:47,0
DA:53,1
DA:55,0
DA:56,0
DA:57,0
DA:60,0
DA:62,0
DA:65,0
DA:67,0
DA:74,0
DA:75,0
DA:81,1
DA:83,0
DA:85,0
DA:88,0
DA:91,0
DA:93,0
DA:101,0
DA:102,0
DA:108,1
DA:109,1
DA:111,0
DA:114,1
DA:115,1
DA:124,0
DA:131,0
DA:137,0
DA:138,0
DA:139,0
DA:140,0
DA:142,0
DA:144,0
DA:155,1
DA:156,1
DA:164,0
DA:165,0
DA:166,0
DA:167,0
DA:169,0
DA:173,0
DA:174,0
DA:175,0
DA:181,0
DA:182,0
DA:189,0
DA:191,0
DA:197,0
DA:198,0
DA:203,0
DA:205,0
DA:213,1
DA:214,1
DA:221,0
DA:222,0
DA:225,0
DA:226,0
DA:228,0
DA:229,0
DA:230,0
DA:231,0
DA:233,0
DA:238,0
DA:239,0
DA:242,1
DA:243,1
DA:252,0
DA:260,0
DA:261,0
DA:266,0
DA:267,0
DA:268,0
DA:269,0
DA:271,0
DA:276,0
DA:277,0
DA:280,1
DA:281,1
DA:290,0
DA:291,0
DA:292,0
DA:294,0
DA:297,0
DA:299,0
DA:300,0
DA:302,0
DA:304,0
DA:306,0
DA:308,0
DA:309,0
DA:321,0
DA:323,0
DA:324,0
DA:334,0
DA:335,0
DA:338,0
DA:339,0
DA:340,0
DA:341,0
DA:342,0
DA:344,0
DA:345,0
DA:346,0
DA:347,0
DA:348,0
DA:350,0
DA:352,0
DA:354,0
DA:368,0
DA:370,0
DA:372,0
DA:374,0
DA:375,0
DA:378,0
DA:379,0
DA:380,0
DA:381,0
DA:383,0
DA:386,0
DA:388,0
DA:390,0
DA:391,0
DA:403,0
DA:415,0
DA:416,0
DA:417,0
DA:427,0
DA:428,0
DA:429,0
DA:441,1
DA:442,1
DA:449,0
DA:450,0
DA:452,0
DA:453,0
DA:455,0
DA:458,0
DA:460,0
DA:462,0
DA:464,0
DA:467,0
DA:470,0
DA:482,0
DA:484,0
DA:486,0
DA:497,0
DA:498,0
DA:499,0
DA:501,0
DA:503,0
DA:520,0
DA:522,0
DA:524,0
DA:525,0
DA:527,0
DA:538,0
DA:540,0
DA:542,0
DA:544,0
DA:545,0
DA:546,0
DA:549,0
DA:552,0
DA:554,0
DA:556,0
DA:557,0
DA:571,0
DA:582,0
DA:583,0
DA:584,0
DA:594,0
DA:595,0
DA:596,0
DA:608,0
DA:609,0
DA:611,0
DA:612,0
DA:618,0
DA:619,0
DA:620,0
DA:622,0
DA:623,0
DA:633,0
DA:635,0
DA:637,0
DA:639,0
DA:653,0
DA:654,0
DA:655,0
DA:657,0
LF:214
LH:31
FN:23,50,check_database_health
FNDA:0,check_database_health
FN:53,78,check_redis_health
FNDA:0,check_redis_health
FN:81,105,check_system_resources
FNDA:0,check_system_resources
FN:109,111,basic_health_check
FNDA:0,basic_health_check
FN:115,152,detailed_health_check
FNDA:0,detailed_health_check
FN:156,210,system_metrics
FNDA:0,system_metrics
FN:214,239,health_history
FNDA:0,health_history
FN:243,277,set_alert_threshold
FNDA:0,set_alert_threshold
FN:281,438,check_single_firewall
FNDA:0,check_single_firewall
FN:442,664,firewall_connections_status
FNDA:0,firewall_connections_status
FN:458,536,firewall_connections_status.check_firewall_health
FNDA:0,firewall_connections_status.check_firewall_health
FN:538,605,firewall_connections_status._basic_connectivity_check
FNDA:0,firewall_connections_status._basic_connectivity_check
FNF:12
FNH:0
BRDA:137,0,jump to line 138,-
BRDA:137,0,jump to line 139,-
BRDA:139,0,jump to line 140,-
BRDA:139,0,jump to line 142,-
BRDA:229,0,jump to line 230,-
BRDA:229,0,jump to line 233,-
BRDA:260,0,jump to line 261,-
BRDA:260,0,jump to line 266,-
BRDA:299,0,jump to line 300,-
BRDA:299,0,jump to line 302,-
BRDA:390,0,jump to line 391,-
BRDA:390,0,jump to line 403,-
BRDA:556,0,jump to line 557,-
BRDA:556,0,jump to line 571,-
BRDA:608,0,jump to line 609,-
BRDA:608,0,jump to line 653,-
BRDA:619,0,jump to line 620,-
BRDA:619,0,jump to line 635,-
BRDA:620,0,jump to line 622,-
BRDA:620,0,jump to line 633,-
BRF:20
BRH:0
end_of_record
SF:D:\VarnaAI\fwchange\backend\app\api\v1\intelligent_rules.py
DA:9,1
DA:10,1
DA:11,1
DA:12,1
DA:14,1
DA:15,1
DA:16,1
DA:17,1
DA:18,1
DA:19,1
DA:20,1
DA:23,1
DA:30,1
DA:32,1
DA:33,1
DA:34,1
DA:36,1
DA:45,1
DA:47,1
DA:48,1
DA:49,1
DA:51,1
DA:68,1
DA:70,1
DA:71,1
DA:72,1
DA:73,1
DA:74,1
DA:76,1
DA:97,1
DA:98,1
DA:116,0
DA:118,0
DA:119,0
DA:122,0
DA:133,0
DA:135,0
DA:136,0
DA:139,1
DA:140,1
DA:156,0
DA:157,0
DA:166,0
DA:168,0
DA:169,0
DA:170,0
DA:171,0
DA:174,1
DA:175,1
DA:187,0
DA:190,0
DA:191,0
DA:194,0
DA:195,0
DA:198,0
DA:201,0
DA:202,0
DA:204,0
DA:211,1
DA:212,1
DA:226,0
DA:229,0
DA:231,0
DA:232,0
DA:235,0
DA:236,0
DA:238,0
DA:244,1
DA:245,1
DA:258,0
DA:259,0
DA:269,0
DA:271,0
DA:278,0
DA:279,0
DA:282,1
DA:283,1
DA:298,0
DA:299,0
DA:306,0
DA:312,0
DA:313,0
DA:316,1
DA:317,1
DA:330,0
DA:332,0
DA:333,0
DA:335,0
DA:336,0
DA:338,0
DA:340,0
DA:341,0
DA:343,0
DA:350,1
DA:351,1
DA:364,0
DA:367,0
DA:370,0
DA:373,0
DA:376,0
DA:379,0
DA:382,0
DA:385,0
DA:388,0
DA:391,0
DA:396,0
DA:398,0
LF:107
LH:45
FN:98,136,generate_rules_from_ticket
FNDA:0,generate_rules_from_ticket
FN:140,171,apply_feedback_to_session
FNDA:0,apply_feedback_to_session
FN:175,208,get_rule_generation_sessions
FNDA:0,get_rule_generation_sessions
FN:212,241,get_session_detail
FNDA:0,get_session_detail
FN:245,279,store_rule_embedding
FNDA:0,store_rule_embedding
FN:283,313,search_similar_rules
FNDA:0,search_similar_rules
FN:317,347,get_rule_embeddings
FNDA:0,get_rule_embeddings
FN:351,420,get_intelligent_rules_stats
FNDA:0,get_intelligent_rules_stats
FNF:8
FNH:0
BRDA:190,0,jump to line 191,-
BRDA:190,0,jump to line 194,-
BRDA:194,0,jump to line 195,-
BRDA:194,0,jump to line 198,-
BRDA:231,0,jump to line 232,-
BRDA:231,0,jump to line 235,-
BRDA:235,0,jump to line 236,-
BRDA:235,0,jump to line 238,-
BRDA:332,0,jump to line 333,-
BRDA:332,0,jump to line 335,-
BRDA:335,0,jump to line 336,-
BRDA:335,0,jump to line 338,-
BRF:12
BRH:0
end_of_record
SF:D:\VarnaAI\fwchange\backend\app\api\v1\jira.py
DA:9,1
DA:10,1
DA:11,1
DA:12,1
DA:13,1
DA:15,1
DA:16,1
DA:19,1
DA:21,1
DA:23,1
DA:27,1
DA:29,1
DA:30,1
DA:31,1
DA:34,1
DA:38,1
DA:39,1
DA:40,1
DA:43,1
DA:47,1
DA:48,1
DA:49,1
DA:52,1
DA:56,1
DA:59,1
DA:66,1
DA:68,1
DA:69,1
DA:70,1
DA:71,1
DA:72,1
DA:75,1
DA:78,1
DA:79,1
DA:84,1
DA:87,1
DA:94,0
DA:95,0
DA:98,0
DA:99,0
DA:100,0
DA:105,0
DA:106,0
DA:107,0
DA:108,0
DA:109,0
DA:112,0
DA:118,1
DA:119,1
DA:131,0
DA:133,0
DA:135,0
DA:142,0
DA:144,0
DA:146,0
DA:149,0
DA:150,0
DA:151,0
DA:152,0
DA:153,0
DA:154,0
DA:155,0
DA:156,0
DA:157,0
DA:159,0
DA:161,0
DA:163,0
DA:165,0
DA:166,0
DA:167,0
DA:174,1
DA:175,1
DA:183,0
DA:186,0
DA:187,0
DA:188,0
DA:191,0
DA:192,0
DA:193,0
DA:194,0
DA:195,0
DA:196,0
DA:197,0
DA:198,0
DA:199,0
DA:200,0
DA:202,0
DA:205,1
DA:206,1
DA:215,0
DA:216,0
DA:219,0
DA:220,0
DA:226,0
DA:228,0
DA:235,0
DA:237,0
DA:239,0
DA:242,0
DA:243,0
DA:244,0
DA:245,0
DA:246,0
DA:247,0
DA:248,0
DA:249,0
DA:250,0
DA:252,0
DA:254,0
DA:256,0
DA:258,0
DA:259,0
DA:260,0
DA:267,1
DA:268,1
DA:276,0
DA:277,0
DA:278,0
DA:279,0
DA:280,0
DA:281,0
DA:287,1
DA:288,1
DA:300,0
DA:301,0
DA:302,0
DA:303,0
DA:304,0
DA:305,0
DA:311,1
DA:312,1
DA:327,0
DA:333,1
DA:334,1
DA:343,0
DA:344,0
DA:352,0
DA:353,0
DA:354,0
DA:355,0
DA:361,1
DA:363,1
DA:364,1
DA:365,1
DA:366,1
DA:369,1
DA:372,1
DA:373,1
DA:376,1
DA:379,1
DA:380,1
DA:381,1
DA:382,1
DA:385,1
DA:386,1
DA:397,0
DA:398,0
DA:406,0
DA:407,0
DA:408,0
DA:409,0
DA:415,1
DA:416,1
DA:427,0
DA:428,0
DA:431,0
DA:432,0
DA:434,0
DA:437,0
DA:439,0
DA:440,0
DA:446,0
DA:447,0
DA:453,0
DA:463,0
DA:465,0
DA:467,0
DA:468,0
DA:469,0
DA:471,0
DA:473,0
DA:482,0
DA:483,0
DA:488,0
DA:489,0
DA:490,0
DA:491,0
DA:492,0
DA:498,1
DA:499,1
DA:511,0
DA:512,0
DA:514,0
DA:515,0
DA:516,0
DA:518,0
DA:519,0
DA:521,0
DA:524,0
DA:525,0
DA:527,0
DA:528,0
DA:531,0
DA:534,0
DA:535,0
DA:536,0
DA:539,0
DA:540,0
DA:541,0
DA:542,0
DA:543,0
DA:544,0
DA:545,0
DA:547,0
DA:550,0
DA:551,0
DA:552,0
DA:555,0
DA:556,0
DA:557,0
DA:558,0
DA:559,0
DA:560,0
DA:562,0
DA:565,0
DA:577,0
DA:578,0
DA:580,0
DA:589,0
DA:591,0
DA:593,0
DA:601,0
DA:602,0
DA:603,0
DA:604,0
LF:235
LH:69
FN:87,115,get_jira_connection
FNDA:0,get_jira_connection
FN:119,171,test_jira_connection
FNDA:0,test_jira_connection
FN:175,202,disconnect_jira
FNDA:0,disconnect_jira
FN:206,264,connect_default_jira
FNDA:0,connect_default_jira
FN:268,284,get_jira_projects
FNDA:0,get_jira_projects
FN:288,308,get_jira_issues
FNDA:0,get_jira_issues
FN:312,330,get_jira_issue
FNDA:0,get_jira_issue
FN:334,358,create_jira_issue
FNDA:0,create_jira_issue
FN:386,412,update_jira_issue
FNDA:0,update_jira_issue
FN:416,495,sync_change_to_jira
FNDA:0,sync_change_to_jira
FN:499,610,import_jira_issues
FNDA:0,import_jira_issues
FNF:11
FNH:0
BRDA:94,0,jump to line 95,-
BRDA:94,0,jump to line 98,-
BRDA:98,0,jump to line 99,-
BRDA:98,0,jump to line 112,-
BRDA:144,0,jump to line 146,-
BRDA:144,0,jump to line 161,-
BRDA:149,0,jump to line 150,-
BRDA:149,0,jump to line 163,-
BRDA:186,0,jump to line 187,-
BRDA:186,0,jump to line 191,-
BRDA:191,0,jump to line 192,-
BRDA:191,0,jump to line 202,-
BRDA:219,0,jump to line 220,-
BRDA:219,0,jump to line 226,-
BRDA:237,0,jump to line 239,-
BRDA:237,0,jump to line 254,-
BRDA:242,0,jump to line 243,-
BRDA:242,0,jump to line 256,-
BRDA:431,0,jump to line 432,-
BRDA:431,0,return from function 'sync_change_to_jira',-
BRDA:439,0,jump to line 440,-
BRDA:439,0,jump to line 446,-
BRDA:446,0,jump to line 447,-
BRDA:446,0,jump to line 453,-
BRDA:465,0,jump to line 467,-
BRDA:465,0,jump to line 482,-
BRDA:518,0,jump to line 519,-
BRDA:518,0,return from function 'import_jira_issues',-
BRDA:524,0,jump to line 525,-
BRDA:524,0,jump to line 527,-
BRDA:527,0,jump to line 528,-
BRDA:527,0,jump to line 591,-
BRDA:534,0,jump to line 535,-
BRDA:534,0,jump to line 539,-
BRDA:540,0,jump to line 541,-
BRDA:540,0,jump to line 542,-
BRDA:542,0,jump to line 543,-
BRDA:542,0,jump to line 544,-
BRDA:544,0,jump to line 545,-
BRDA:544,0,jump to line 547,-
BRDA:555,0,jump to line 556,-
BRDA:555,0,jump to line 557,-
BRDA:557,0,jump to line 558,-
BRDA:557,0,jump to line 559,-
BRDA:559,0,jump to line 560,-
BRDA:559,0,jump to line 562,-
BRF:46
BRH:0
end_of_record
SF:D:\VarnaAI\fwchange\backend\app\api\v1\license.py
DA:9,1
DA:10,1
DA:11,1
DA:12,1
DA:13,1
DA:14,1
DA:16,1
DA:18,1
DA:19,1
DA:20,1
DA:21,1
DA:22,1
DA:24,1
DA:28,1
DA:30,1
DA:31,1
DA:34,1
DA:36,1
DA:37,1
DA:38,1
DA:39,1
DA:40,1
DA:41,1
DA:42,1
DA:45,1
DA:46,1
DA:51,0
DA:53,0
DA:54,0
DA:64,0
DA:75,1
DA:76,1
DA:82,0
DA:83,0
DA:86,0
DA:89,0
DA:92,0
DA:94,0
DA:95,0
DA:101,0
DA:102,0
DA:103,0
DA:105,0
DA:106,0
DA:107,0
DA:108,0
DA:109,0
DA:110,0
DA:111,0
DA:113,0
DA:116,0
DA:125,0
DA:126,0
DA:127,0
DA:129,0
DA:140,1
DA:141,1
DA:148,0
DA:154,0
DA:156,0
DA:170,1
DA:171,1
DA:177,0
DA:180,0
DA:182,0
DA:183,0
DA:188,0
DA:189,0
LF:68
LH:32
FN:46,72,get_license_status
FNDA:0,get_license_status
FN:76,137,revoke_license
FNDA:0,revoke_license
FN:141,167,list_revocations
FNDA:0,list_revocations
FN:171,189,remove_revocation
FNDA:0,remove_revocation
FNF:4
FNH:0
BRDA:53,0,jump to line 54,-
BRDA:53,0,jump to line 64,-
BRDA:94,0,jump to line 95,-
BRDA:94,0,jump to line 101,-
BRDA:109,0,jump to line 110,-
BRDA:109,0,jump to line 116,-
BRDA:182,0,jump to line 183,-
BRDA:182,0,jump to line 188,-
BRF:8
BRH:0
end_of_record
SF:D:\VarnaAI\fwchange\backend\app\api\v1\llm.py
DA:9,1
DA:10,1
DA:11,1
DA:12,1
DA:14,1
DA:15,1
DA:16,1
DA:17,1
DA:18,1
DA:19,1
DA:20,1
DA:23,1
DA:30,1
DA:32,1
DA:34,1
DA:50,1
DA:52,1
DA:53,1
DA:55,1
DA:77,1
DA:79,1
DA:80,1
DA:81,1
DA:82,1
DA:83,1
DA:85,1
DA:95,1
DA:97,1
DA:98,1
DA:99,1
DA:100,1
DA:101,1
DA:102,1
DA:103,1
DA:110,1
DA:111,1
DA:121,0
DA:122,0
DA:125,1
DA:126,1
DA:143,0
DA:145,0
DA:146,0
DA:148,0
DA:157,0
DA:166,0
DA:167,0
DA:170,1
DA:171,1
DA:188,0
DA:190,0
DA:191,0
DA:193,0
DA:203,0
DA:213,0
DA:214,0
DA:217,1
DA:218,1
DA:235,0
DA:237,0
DA:238,0
DA:240,0
DA:254,0
DA:255,0
DA:257,0
DA:266,0
DA:267,0
DA:268,0
DA:269,0
DA:272,1
DA:273,1
DA:298,0
DA:301,0
DA:302,0
DA:303,0
DA:304,0
DA:305,0
DA:306,0
DA:309,0
DA:312,0
DA:313,0
DA:316,0
DA:323,1
DA:324,1
DA:337,0
DA:340,0
DA:342,0
DA:343,0
DA:346,0
DA:347,0
DA:349,0
DA:355,1
DA:356,1
DA:372,0
DA:375,0
DA:378,0
DA:381,0
DA:387,0
DA:390,0
DA:396,0
DA:399,0
DA:407,0
DA:409,0
LF:103
LH:48
FN:111,122,llm_health_check
FNDA:0,llm_health_check
FN:126,167,analyze_firewall_rule
FNDA:0,analyze_firewall_rule
FN:171,214,predict_rule_conflicts
FNDA:0,predict_rule_conflicts
FN:218,269,generate_custom_response
FNDA:0,generate_custom_response
FN:273,320,get_audit_logs
FNDA:0,get_audit_logs
FN:324,352,get_audit_log_detail
FNDA:0,get_audit_log_detail
FN:356,420,get_audit_statistics
FNDA:0,get_audit_statistics
FNF:7
FNH:0
BRDA:254,0,jump to line 255,-
BRDA:254,0,jump to line 257,-
BRDA:301,0,jump to line 302,-
BRDA:301,0,jump to line 303,-
BRDA:303,0,jump to line 304,-
BRDA:303,0,jump to line 305,-
BRDA:305,0,jump to line 306,-
BRDA:305,0,jump to line 309,-
BRDA:342,0,jump to line 343,-
BRDA:342,0,jump to line 346,-
BRDA:346,0,jump to line 347,-
BRDA:346,0,jump to line 349,-
BRF:12
BRH:0
end_of_record
SF:D:\VarnaAI\fwchange\backend\app\api\v1\logs.py
DA:9,1
DA:10,1
DA:11,1
DA:13,1
DA:14,1
DA:16,1
DA:17,1
DA:20,1
DA:22,1
DA:23,1
DA:24,1
DA:25,1
DA:26,1
DA:27,1
DA:30,1
DA:31,1
DA:41,0
DA:43,0
DA:51,0
DA:54,0
DA:55,0
DA:58,0
DA:63,0
DA:64,0
DA:66,0
DA:67,0
DA:70,0
DA:72,0
DA:74,0
DA:76,0
DA:77,0
LF:31
LH:16
FN:31,77,ingest_frontend_log
FNDA:0,ingest_frontend_log
FNF:1
FNH:0
BRDA:63,0,jump to line 64,-
BRDA:63,0,jump to line 66,-
BRDA:66,0,jump to line 67,-
BRDA:66,0,jump to line 70,-
BRF:4
BRH:0
end_of_record
SF:D:\VarnaAI\fwchange\backend\app\api\v1\ml_predictions.py
DA:9,1
DA:10,1
DA:11,1
DA:12,1
DA:14,1
DA:15,1
DA:16,1
DA:17,1
DA:18,1
DA:19,1
DA:21,1
DA:23,1
DA:26,1
DA:27,1
DA:38,0
DA:39,0
DA:44,0
DA:45,0
DA:47,0
DA:48,0
DA:49,0
DA:55,1
DA:56,1
DA:72,0
DA:73,0
DA:78,0
DA:79,0
DA:81,0
DA:82,0
DA:83,0
DA:89,1
DA:90,1
DA:101,0
DA:103,0
DA:108,0
DA:110,0
DA:111,0
DA:117,0
DA:119,0
DA:125,0
DA:126,0
DA:127,0
DA:128,0
DA:129,0
DA:135,1
DA:136,1
DA:147,0
DA:149,0
DA:154,0
DA:156,0
DA:157,0
DA:163,0
DA:165,0
DA:170,0
DA:171,0
DA:172,0
DA:173,0
DA:174,0
DA:180,1
DA:181,1
DA:193,0
DA:194,0
DA:200,0
DA:206,0
DA:207,0
DA:208,0
DA:214,1
DA:215,1
DA:227,0
DA:228,0
DA:233,0
DA:235,0
DA:236,0
DA:237,0
DA:243,1
DA:244,1
DA:252,0
DA:253,0
DA:268,0
DA:270,0
DA:271,0
DA:272,0
DA:278,1
DA:279,1
DA:291,0
DA:293,0
DA:297,0
DA:298,0
DA:300,0
DA:302,0
DA:303,0
DA:305,0
DA:306,0
DA:313,0
DA:314,0
DA:315,0
DA:316,0
DA:325,0
DA:330,0
DA:331,0
DA:332,0
DA:338,1
DA:339,1
DA:351,0
DA:352,0
DA:354,0
DA:357,0
DA:361,0
DA:362,0
DA:364,0
DA:365,0
DA:367,0
DA:368,0
DA:375,0
DA:376,0
DA:377,0
DA:378,0
DA:379,0
DA:387,0
DA:394,0
DA:395,0
DA:396,0
LF:122
LH:30
FN:27,52,train_priority_model
FNDA:0,train_priority_model
FN:56,86,train_anomaly_detector
FNDA:0,train_anomaly_detector
FN:90,132,predict_recommendation_priority
FNDA:0,predict_recommendation_priority
FN:136,177,detect_recommendation_anomaly
FNDA:0,detect_recommendation_anomaly
FN:181,211,analyze_recommendation_patterns
FNDA:0,analyze_recommendation_patterns
FN:215,240,get_ml_insights
FNDA:0,get_ml_insights
FN:244,275,get_model_status
FNDA:0,get_model_status
FN:279,335,batch_predict_priorities
FNDA:0,batch_predict_priorities
FN:339,399,batch_detect_anomalies
FNDA:0,batch_detect_anomalies
FNF:9
FNH:0
BRDA:110,0,jump to line 111,-
BRDA:110,0,jump to line 117,-
BRDA:156,0,jump to line 157,-
BRDA:156,0,jump to line 163,-
BRDA:297,0,jump to line 298,-
BRDA:297,0,jump to line 300,-
BRDA:305,0,jump to line 306,-
BRDA:305,0,jump to line 313,-
BRDA:314,0,jump to line 315,-
BRDA:314,0,jump to line 325,-
BRDA:361,0,jump to line 362,-
BRDA:361,0,jump to line 364,-
BRDA:367,0,jump to line 368,-
BRDA:367,0,jump to line 375,-
BRDA:376,0,jump to line 377,-
BRDA:376,0,jump to line 387,-
BRDA:378,0,jump to line 376,-
BRDA:378,0,jump to line 379,-
BRF:18
BRH:0
end_of_record
SF:D:\VarnaAI\fwchange\backend\app\api\v1\notifications.py
DA:9,1
DA:10,1
DA:11,1
DA:12,1
DA:13,1
DA:14,1
DA:16,1
DA:17,1
DA:18,1
DA:19,1
DA:28,1
DA:42,1
DA:44,1
DA:46,1
DA:52,1
DA:53,1
DA:62,0
DA:67,0
DA:69,0
DA:71,0
DA:93,0
DA:96,1
DA:97,1
DA:107,0
DA:112,0
DA:114,0
DA:116,0
DA:124,0
DA:127,0
DA:128,0
DA:129,0
DA:130,0
DA:131,0
DA:132,0
DA:133,0
DA:134,0
DA:135,0
DA:136,0
DA:137,0
DA:139,0
DA:140,0
DA:142,0
DA:144,0
DA:150,1
DA:151,1
DA:165,0
DA:168,0
DA:169,0
DA:170,0
DA:171,0
DA:174,0
DA:175,0
DA:176,0
DA:179,0
DA:181,0
DA:182,0
DA:184,0
DA:192,1
DA:193,1
DA:203,0
DA:211,0
DA:213,0
DA:214,0
DA:219,0
DA:225,1
DA:226,1
DA:239,0
DA:240,0
DA:246,0
DA:249,0
DA:250,0
DA:251,0
DA:252,0
DA:255,0
DA:256,0
DA:257,0
DA:260,0
DA:262,0
DA:263,0
DA:265,0
DA:273,1
DA:274,1
DA:284,0
DA:285,0
DA:291,0
DA:294,0
DA:295,0
DA:300,0
DA:311,0
DA:312,0
DA:313,0
DA:315,0
DA:317,0
DA:320,1
DA:321,1
DA:331,0
DA:332,0
DA:337,0
DA:340,0
DA:342,0
DA:343,0
DA:348,0
DA:351,1
DA:352,1
DA:363,0
DA:364,0
DA:369,0
DA:372,0
DA:374,0
DA:375,0
DA:381,0
DA:382,0
DA:383,0
DA:384,0
DA:385,0
DA:386,0
DA:387,0
DA:388,0
DA:389,0
DA:390,0
DA:391,0
DA:392,0
DA:393,0
DA:394,0
DA:396,0
DA:398,0
DA:399,0
DA:401,0
DA:403,0
DA:406,1
DA:407,1
DA:417,0
DA:418,0
DA:423,0
DA:426,0
DA:428,0
DA:429,0
DA:434,0
DA:435,0
DA:437,0
DA:443,1
DA:444,1
DA:454,0
DA:463,0
DA:464,0
DA:465,0
DA:471,0
DA:472,0
DA:479,1
DA:480,1
DA:490,0
DA:492,0
DA:493,0
DA:498,0
DA:504,1
DA:505,1
DA:515,0
DA:518,0
DA:521,0
DA:529,0
DA:532,0
DA:540,0
DA:543,0
DA:551,0
DA:554,0
DA:562,0
DA:564,0
LF:167
LH:38
FN:53,93,get_notification_preferences
FNDA:0,get_notification_preferences
FN:97,144,update_notification_preferences
FNDA:0,update_notification_preferences
FN:151,189,list_email_notifications
FNDA:0,list_email_notifications
FN:193,219,get_email_notification
FNDA:0,get_email_notification
FN:226,270,list_email_templates
FNDA:0,list_email_templates
FN:274,317,create_email_template
FNDA:0,create_email_template
FN:321,348,get_email_template
FNDA:0,get_email_template
FN:352,403,update_email_template
FNDA:0,update_email_template
FN:407,437,delete_email_template
FNDA:0,delete_email_template
FN:444,476,send_test_email
FNDA:0,send_test_email
FN:480,501,process_unsubscribe
FNDA:0,process_unsubscribe
FN:505,571,get_notification_statistics
FNDA:0,get_notification_statistics
FNF:12
FNH:0
BRDA:69,0,jump to line 71,-
BRDA:69,0,jump to line 93,-
BRDA:114,0,jump to line 116,-
BRDA:114,0,jump to line 127,-
BRDA:127,0,jump to line 128,-
BRDA:127,0,jump to line 129,-
BRDA:129,0,jump to line 130,-
BRDA:129,0,jump to line 131,-
BRDA:131,0,jump to line 132,-
BRDA:131,0,jump to line 133,-
BRDA:133,0,jump to line 134,-
BRDA:133,0,jump to line 135,-
BRDA:135,0,jump to line 136,-
BRDA:135,0,jump to line 137,-
BRDA:168,0,jump to line 169,-
BRDA:168,0,jump to line 170,-
BRDA:170,0,jump to line 171,-
BRDA:170,0,jump to line 174,-
BRDA:213,0,jump to line 214,-
BRDA:213,0,jump to line 219,-
BRDA:239,0,jump to line 240,-
BRDA:239,0,jump to line 246,-
BRDA:249,0,jump to line 250,-
BRDA:249,0,jump to line 251,-
BRDA:251,0,jump to line 252,-
BRDA:251,0,jump to line 255,-
BRDA:284,0,jump to line 285,-
BRDA:284,0,jump to line 291,-
BRDA:294,0,jump to line 295,-
BRDA:294,0,jump to line 300,-
BRDA:331,0,jump to line 332,-
BRDA:331,0,jump to line 337,-
BRDA:342,0,jump to line 343,-
BRDA:342,0,jump to line 348,-
BRDA:363,0,jump to line 364,-
BRDA:363,0,jump to line 369,-
BRDA:374,0,jump to line 375,-
BRDA:374,0,jump to line 381,-
BRDA:381,0,jump to line 382,-
BRDA:381,0,jump to line 383,-
BRDA:383,0,jump to line 384,-
BRDA:383,0,jump to line 385,-
BRDA:385,0,jump to line 386,-
BRDA:385,0,jump to line 387,-
BRDA:387,0,jump to line 388,-
BRDA:387,0,jump to line 389,-
BRDA:389,0,jump to line 390,-
BRDA:389,0,jump to line 391,-
BRDA:391,0,jump to line 392,-
BRDA:391,0,jump to line 393,-
BRDA:393,0,jump to line 394,-
BRDA:393,0,jump to line 396,-
BRDA:417,0,jump to line 418,-
BRDA:417,0,jump to line 423,-
BRDA:428,0,jump to line 429,-
BRDA:428,0,jump to line 434,-
BRDA:463,0,jump to line 464,-
BRDA:463,0,jump to line 471,-
BRDA:492,0,jump to line 493,-
BRDA:492,0,jump to line 498,-
BRF:60
BRH:0
end_of_record
SF:D:\VarnaAI\fwchange\backend\app\api\v1\organizations.py
DA:9,1
DA:10,1
DA:11,1
DA:13,1
DA:14,1
DA:15,1
DA:17,1
DA:18,1
DA:19,1
DA:20,1
DA:30,1
DA:33,1
DA:35,0
DA:36,0
DA:37,0
DA:38,0
DA:39,0
DA:40,0
DA:43,1
DA:44,1
DA:55,0
DA:58,0
DA:61,0
DA:63,0
DA:64,0
DA:66,0
DA:82,0
DA:83,0
DA:84,0
DA:86,0
DA:89,1
DA:90,1
DA:102,0
DA:104,0
DA:105,0
DA:112,0
DA:113,0
DA:116,0
DA:117,0
DA:119,0
DA:120,0
DA:122,0
DA:124,0
DA:133,1
DA:134,1
DA:143,0
DA:144,0
DA:149,0
DA:152,0
DA:154,0
DA:155,0
DA:160,0
DA:163,1
DA:164,1
DA:173,0
DA:174,0
DA:179,0
DA:182,0
DA:185,0
DA:187,0
DA:188,0
DA:194,0
DA:197,0
DA:200,0
DA:203,0
DA:206,0
DA:209,0
DA:215,0
DA:217,0
DA:232,1
DA:233,1
DA:244,0
DA:245,0
DA:250,0
DA:253,0
DA:255,0
DA:256,0
DA:261,0
DA:264,1
DA:265,1
DA:277,0
DA:283,0
DA:284,0
DA:289,0
DA:292,0
DA:294,0
DA:295,0
DA:301,0
DA:302,0
DA:303,0
DA:305,0
DA:306,0
DA:308,0
DA:311,1
DA:312,1
DA:323,0
DA:326,0
DA:328,0
DA:329,0
DA:335,0
DA:336,0
DA:337,0
DA:339,0
DA:340,0
DA:342,0
DA:345,1
DA:346,1
DA:356,0
DA:359,0
DA:361,0
DA:362,0
DA:367,0
DA:368,0
DA:371,1
DA:372,1
DA:382,0
DA:385,0
DA:387,0
DA:388,0
DA:394,0
DA:397,0
DA:399,0
DA:400,0
DA:406,0
DA:409,0
DA:411,0
DA:412,0
DA:418,0
DA:419,0
DA:421,0
LF:130
LH:30
FN:33,40,generate_slug
FNDA:0,generate_slug
FN:44,86,create_organization
FNDA:0,create_organization
FN:90,130,list_organizations
FNDA:0,list_organizations
FN:134,160,get_current_organization
FNDA:0,get_current_organization
FN:164,229,get_current_organization_stats
FNDA:0,get_current_organization_stats
FN:233,261,get_organization
FNDA:0,get_organization
FN:265,308,update_organization
FNDA:0,update_organization
FN:312,342,admin_update_organization
FNDA:0,admin_update_organization
FN:346,368,delete_organization
FNDA:0,delete_organization
FN:372,421,assign_user_to_organization
FNDA:0,assign_user_to_organization
FNF:10
FNH:0
BRDA:61,0,jump to line 63,-
BRDA:61,0,jump to line 66,-
BRDA:104,0,jump to line 105,-
BRDA:104,0,jump to line 112,-
BRDA:143,0,jump to line 144,-
BRDA:143,0,jump to line 149,-
BRDA:154,0,jump to line 155,-
BRDA:154,0,jump to line 160,-
BRDA:173,0,jump to line 174,-
BRDA:173,0,jump to line 179,-
BRDA:187,0,jump to line 188,-
BRDA:187,0,jump to line 194,-
BRDA:244,0,jump to line 245,-
BRDA:244,0,jump to line 250,-
BRDA:255,0,jump to line 256,-
BRDA:255,0,jump to line 261,-
BRDA:283,0,jump to line 284,-
BRDA:283,0,jump to line 289,-
BRDA:294,0,jump to line 295,-
BRDA:294,0,jump to line 301,-
BRDA:302,0,jump to line 303,-
BRDA:302,0,jump to line 305,-
BRDA:328,0,jump to line 329,-
BRDA:328,0,jump to line 335,-
BRDA:336,0,jump to line 337,-
BRDA:336,0,jump to line 339,-
BRDA:361,0,jump to line 362,-
BRDA:361,0,jump to line 367,-
BRDA:387,0,jump to line 388,-
BRDA:387,0,jump to line 394,-
BRDA:399,0,jump to line 400,-
BRDA:399,0,jump to line 406,-
BRDA:411,0,jump to line 412,-
BRDA:411,0,jump to line 418,-
BRF:34
BRH:0
end_of_record
SF:D:\VarnaAI\fwchange\backend\app\api\v1\performance.py
DA:9,1
DA:10,1
DA:11,1
DA:12,1
DA:13,1
DA:14,1
DA:15,1
DA:17,1
DA:19,1
DA:20,1
DA:21,1
DA:22,1
DA:23,1
DA:25,1
DA:29,1
DA:37,1
DA:38,1
DA:39,1
DA:42,1
DA:49,1
DA:55,1
DA:57,1
DA:58,1
DA:61,1
DA:62,1
DA:78,0
DA:81,0
DA:93,0
DA:94,0
DA:96,0
DA:97,0
DA:98,0
DA:99,0
DA:102,0
DA:112,0
DA:113,0
DA:114,0
DA:117,0
DA:118,0
DA:119,0
DA:120,0
DA:121,0
DA:122,0
DA:123,0
DA:124,0
DA:125,0
DA:126,0
DA:127,0
DA:128,0
DA:129,0
DA:132,0
DA:143,0
DA:154,0
DA:155,0
DA:157,0
DA:158,0
DA:160,0
DA:172,1
DA:173,1
DA:195,0
DA:196,0
DA:199,0
DA:210,0
DA:211,0
DA:213,0
DA:215,0
DA:216,0
DA:218,0
DA:228,1
DA:229,1
DA:249,0
DA:251,0
DA:268,0
DA:269,0
DA:270,0
DA:271,0
DA:272,0
DA:273,0
DA:275,0
DA:277,0
DA:278,0
DA:280,0
DA:296,1
DA:297,1
DA:314,0
DA:315,0
DA:317,0
DA:320,0
DA:321,0
DA:325,0
DA:326,0
DA:328,0
DA:330,0
LF:93
LH:31
FN:62,169,get_performance_overview
FNDA:0,get_performance_overview
FN:173,225,get_metric_timeseries
FNDA:0,get_metric_timeseries
FN:229,293,get_endpoint_metrics
FNDA:0,get_endpoint_metrics
FN:297,334,cleanup_old_metrics
FNDA:0,cleanup_old_metrics
FNF:4
FNH:0
BRDA:120,0,jump to line 121,-
BRDA:120,0,jump to line 132,-
BRDA:126,0,jump to line 127,-
BRDA:126,0,jump to line 132,-
BRDA:210,0,jump to line 211,-
BRDA:210,0,jump to line 213,-
BRDA:268,0,jump to line 269,-
BRDA:268,0,jump to line 270,-
BRDA:270,0,jump to line 271,-
BRDA:270,0,jump to line 272,-
BRDA:272,0,jump to line 273,-
BRDA:272,0,jump to line 275,-
BRDA:314,0,jump to line 315,-
BRDA:314,0,jump to line 317,-
BRF:14
BRH:0
end_of_record
SF:D:\VarnaAI\fwchange\backend\app\api\v1\policies.py
DA:9,1
DA:10,1
DA:11,1
DA:13,1
DA:14,1
DA:15,1
DA:16,1
DA:17,1
DA:18,1
DA:41,1
DA:46,1
DA:48,0
DA:49,0
DA:57,1
DA:62,1
DA:68,0
DA:70,0
DA:71,0
DA:89,0
DA:92,1
DA:93,1
DA:101,0
DA:102,0
DA:107,0
DA:110,1
DA:111,1
DA:117,0
DA:118,0
DA:119,0
DA:122,1
DA:123,1
DA:130,0
DA:132,0
DA:135,0
DA:137,0
DA:142,0
DA:147,1
DA:152,1
DA:158,0
DA:165,0
DA:166,0
DA:187,0
DA:190,1
DA:191,1
DA:202,0
DA:203,0
DA:211,0
DA:214,1
DA:215,1
DA:221,0
DA:222,0
DA:223,0
DA:226,1
DA:227,1
DA:234,0
DA:240,0
DA:243,0
DA:245,0
DA:249,0
DA:252,1
DA:253,1
DA:260,0
DA:266,0
DA:267,0
DA:272,0
DA:275,1
DA:276,1
DA:283,0
DA:289,0
DA:290,0
DA:295,0
DA:298,1
DA:299,1
DA:306,0
DA:313,0
DA:314,0
DA:320,0
DA:323,1
DA:324,1
DA:330,0
DA:331,0
DA:332,0
DA:333,0
DA:338,1
DA:343,1
DA:350,0
DA:356,0
DA:357,0
DA:362,0
DA:365,1
DA:366,1
DA:375,0
DA:376,0
DA:382,0
DA:388,1
DA:389,1
DA:395,0
DA:396,0
DA:397,0
DA:400,1
DA:404,1
DA:411,0
DA:417,0
DA:418,0
DA:422,0
LF:105
LH:43
FN:46,52,require_role
FNDA:0,require_role
FN:62,89,create_policy_template
FNDA:0,create_policy_template
FN:93,107,list_policy_templates
FNDA:0,list_policy_templates
FN:111,119,get_policy_template
FNDA:0,get_policy_template
FN:123,142,update_policy_template
FNDA:0,update_policy_template
FN:152,187,create_policy
FNDA:0,create_policy
FN:191,211,list_policies
FNDA:0,list_policies
FN:215,223,get_policy
FNDA:0,get_policy
FN:227,249,update_policy
FNDA:0,update_policy
FN:253,272,approve_policy
FNDA:0,approve_policy
FN:276,295,reject_policy
FNDA:0,reject_policy
FN:299,320,clone_policy
FNDA:0,clone_policy
FN:324,333,validate_policy
FNDA:0,validate_policy
FN:343,362,deploy_policy
FNDA:0,deploy_policy
FN:366,385,list_deployments
FNDA:0,list_deployments
FN:389,397,get_deployment
FNDA:0,get_deployment
FN:404,422,rollback_deployment
FNDA:0,rollback_deployment
FNF:17
FNH:0
BRDA:48,0,jump to line 49,-
BRDA:48,0,return from function 'require_role',-
BRF:2
BRH:0
end_of_record
SF:D:\VarnaAI\fwchange\backend\app\api\v1\scheduled_deployments.py
DA:9,1
DA:10,1
DA:11,1
DA:12,1
DA:13,1
DA:14,1
DA:16,1
DA:17,1
DA:22,1
DA:23,1
DA:24,1
DA:25,1
DA:26,1
DA:28,1
DA:29,1
DA:39,1
DA:40,1
DA:41,1
DA:43,1
DA:46,1
DA:47,1
DA:54,0
DA:55,0
DA:57,0
DA:58,0
DA:60,0
DA:61,0
DA:64,0
DA:70,0
DA:86,0
DA:87,0
DA:88,0
DA:90,0
DA:93,1
DA:94,1
DA:103,0
DA:110,0
DA:113,0
DA:114,0
DA:117,0
DA:118,0
DA:119,0
DA:131,0
DA:132,0
DA:133,0
DA:136,0
DA:137,0
DA:139,0
DA:140,0
DA:142,0
DA:144,0
DA:153,1
DA:154,1
DA:159,0
DA:160,0
DA:161,0
DA:163,0
DA:166,0
DA:167,0
DA:168,0
DA:169,0
DA:172,0
DA:175,0
DA:178,0
DA:181,0
DA:185,0
DA:186,0
DA:187,0
DA:188,0
DA:191,0
DA:205,0
DA:206,0
DA:209,0
DA:219,0
DA:220,0
DA:222,0
DA:232,1
DA:233,1
DA:239,0
DA:245,0
DA:247,0
DA:248,0
DA:250,0
DA:251,0
DA:253,0
DA:256,1
DA:257,1
DA:264,0
DA:265,0
DA:267,0
DA:268,0
DA:270,0
DA:271,0
DA:274,0
DA:275,0
DA:281,0
DA:282,0
DA:283,0
DA:285,0
DA:286,0
DA:288,0
DA:291,1
DA:292,1
DA:300,0
DA:301,0
DA:306,0
DA:307,0
DA:309,0
DA:310,0
DA:312,0
DA:313,0
DA:315,0
DA:316,0
DA:322,0
DA:323,0
DA:324,0
DA:325,0
DA:326,0
DA:328,0
DA:329,0
DA:331,0
DA:334,1
DA:335,1
DA:343,0
DA:344,0
DA:349,0
DA:350,0
DA:352,0
DA:353,0
DA:355,0
DA:356,0
DA:358,0
DA:359,0
DA:365,0
DA:366,0
DA:368,0
DA:369,0
DA:371,0
DA:374,1
DA:375,1
DA:381,0
DA:382,0
DA:384,0
DA:385,0
DA:387,0
DA:388,0
DA:391,0
DA:392,0
DA:398,0
DA:400,0
DA:401,0
DA:403,0
DA:406,1
DA:407,1
DA:413,0
DA:414,0
DA:416,0
DA:417,0
DA:419,0
DA:420,0
DA:423,0
DA:424,0
DA:429,0
DA:430,0
DA:432,0
DA:435,1
DA:436,1
DA:450,0
DA:451,0
DA:457,0
DA:461,0
DA:463,0
DA:464,0
DA:466,0
DA:467,0
DA:470,0
DA:471,0
DA:472,0
DA:479,0
DA:480,0
DA:481,0
DA:482,0
DA:485,0
DA:486,0
DA:487,0
DA:489,0
DA:490,0
DA:491,0
DA:493,0
DA:495,0
DA:496,0
DA:498,0
DA:499,0
DA:501,0
DA:502,0
DA:503,0
DA:504,0
DA:505,0
DA:506,0
DA:507,0
DA:509,0
DA:510,0
DA:516,0
DA:518,0
DA:525,0
DA:526,0
DA:527,0
DA:533,0
DA:536,0
DA:545,0
DA:546,0
DA:547,0
DA:548,0
DA:550,0
DA:552,0
DA:553,0
DA:554,0
DA:555,0
DA:557,0
DA:560,0
DA:561,0
DA:562,0
DA:564,0
DA:566,0
DA:567,0
DA:568,0
DA:569,0
DA:571,0
DA:572,0
DA:574,0
DA:575,0
DA:576,0
DA:577,0
DA:579,0
DA:581,0
DA:582,0
DA:583,0
DA:584,0
DA:586,0
DA:589,0
DA:590,0
DA:592,0
DA:593,0
DA:594,0
DA:597,0
DA:598,0
DA:599,0
DA:600,0
DA:601,0
DA:602,0
DA:603,0
DA:604,0
DA:605,0
DA:609,0
DA:612,0
DA:613,0
DA:614,0
DA:615,0
DA:616,0
DA:617,0
DA:618,0
DA:619,0
DA:620,0
DA:621,0
DA:622,0
DA:624,0
DA:625,0
DA:626,0
DA:627,0
DA:628,0
DA:630,0
DA:631,0
DA:632,0
DA:635,0
DA:636,0
DA:642,0
DA:643,0
DA:645,0
DA:657,0
DA:659,0
DA:660,0
DA:662,0
DA:663,0
DA:665,0
DA:666,0
DA:667,0
DA:669,0
DA:670,0
DA:672,0
DA:674,0
LF:290
LH:39
FN:47,90,create_scheduled_deployment
FNDA:0,create_scheduled_deployment
FN:94,150,list_scheduled_deployments
FNDA:0,list_scheduled_deployments
FN:154,229,get_deployment_summary
FNDA:0,get_deployment_summary
FN:166,169,get_deployment_summary.apply_org_filter
FNDA:0,get_deployment_summary.apply_org_filter
FN:233,253,get_scheduled_deployment
FNDA:0,get_scheduled_deployment
FN:257,288,update_scheduled_deployment
FNDA:0,update_scheduled_deployment
FN:292,331,approve_scheduled_deployment
FNDA:0,approve_scheduled_deployment
FN:335,371,reject_scheduled_deployment
FNDA:0,reject_scheduled_deployment
FN:375,403,cancel_scheduled_deployment
FNDA:0,cancel_scheduled_deployment
FN:407,432,delete_scheduled_deployment
FNDA:0,delete_scheduled_deployment
FN:436,684,execute_scheduled_deployment
FNDA:0,execute_scheduled_deployment
FNF:11
FNH:0
BRDA:60,0,jump to line 61,-
BRDA:60,0,jump to line 64,-
BRDA:113,0,jump to line 114,-
BRDA:113,0,jump to line 117,-
BRDA:117,0,jump to line 118,-
BRDA:117,0,jump to line 131,-
BRDA:167,0,jump to line 168,-
BRDA:167,0,jump to line 169,-
BRDA:250,0,jump to line 251,-
BRDA:250,0,jump to line 253,-
BRDA:270,0,jump to line 271,-
BRDA:270,0,jump to line 274,-
BRDA:274,0,jump to line 275,-
BRDA:274,0,jump to line 281,-
BRDA:282,0,jump to line 283,-
BRDA:282,0,jump to line 285,-
BRDA:300,0,jump to line 301,-
BRDA:300,0,jump to line 306,-
BRDA:312,0,jump to line 313,-
BRDA:312,0,jump to line 315,-
BRDA:315,0,jump to line 316,-
BRDA:315,0,jump to line 322,-
BRDA:325,0,jump to line 326,-
BRDA:325,0,jump to line 328,-
BRDA:343,0,jump to line 344,-
BRDA:343,0,jump to line 349,-
BRDA:355,0,jump to line 356,-
BRDA:355,0,jump to line 358,-
BRDA:358,0,jump to line 359,-
BRDA:358,0,jump to line 365,-
BRDA:387,0,jump to line 388,-
BRDA:387,0,jump to line 391,-
BRDA:391,0,jump to line 392,-
BRDA:391,0,jump to line 398,-
BRDA:419,0,jump to line 420,-
BRDA:419,0,jump to line 423,-
BRDA:423,0,jump to line 424,-
BRDA:423,0,jump to line 429,-
BRDA:450,0,jump to line 451,-
BRDA:450,0,jump to line 457,-
BRDA:466,0,jump to line 467,-
BRDA:466,0,jump to line 470,-
BRDA:471,0,jump to line 472,-
BRDA:471,0,jump to line 479,-
BRDA:485,0,jump to line 486,-
BRDA:485,0,jump to line 489,-
BRDA:496,0,jump to line 498,-
BRDA:496,0,jump to line 509,-
BRDA:499,0,jump to line 501,-
BRDA:499,0,jump to line 509,-
BRDA:502,0,jump to line 503,-
BRDA:502,0,jump to line 509,-
BRDA:503,0,jump to line 502,-
BRDA:503,0,jump to line 504,-
BRDA:509,0,jump to line 510,-
BRDA:509,0,jump to line 516,-
BRDA:526,0,jump to line 527,-
BRDA:526,0,jump to line 533,-
BRDA:547,0,jump to line 548,-
BRDA:547,0,jump to line 550,-
BRDA:554,0,jump to line 555,-
BRDA:554,0,jump to line 557,-
BRDA:560,0,jump to line 561,-
BRDA:560,0,jump to line 597,-
BRDA:564,0,jump to line 566,-
BRDA:564,0,jump to line 574,-
BRDA:566,0,jump to line 567,-
BRDA:566,0,jump to line 571,-
BRDA:574,0,jump to line 575,-
BRDA:574,0,jump to line 581,-
BRDA:575,0,jump to line 576,-
BRDA:575,0,jump to line 579,-
BRDA:581,0,jump to line 582,-
BRDA:581,0,jump to line 589,-
BRDA:582,0,jump to line 583,-
BRDA:582,0,jump to line 586,-
BRDA:597,0,jump to line 598,-
BRDA:597,0,jump to line 609,-
BRDA:613,0,jump to line 614,-
BRDA:613,0,jump to line 618,-
BRDA:615,0,jump to line 616,-
BRDA:615,0,jump to line 617,-
BRDA:618,0,jump to line 619,-
BRDA:618,0,jump to line 624,-
BRDA:620,0,jump to line 621,-
BRDA:620,0,jump to line 622,-
BRDA:625,0,jump to line 626,-
BRDA:625,0,jump to line 627,-
BRDA:669,0,jump to line 670,-
BRDA:669,0,jump to line 672,-
BRF:90
BRH:0
end_of_record
SF:D:\VarnaAI\fwchange\backend\app\api\v1\syslog.py
DA:9,1
DA:10,1
DA:11,1
DA:12,1
DA:13,1
DA:14,1
DA:16,1
DA:17,1
DA:18,1
DA:19,1
DA:20,1
DA:22,1
DA:25,1
DA:29,1
DA:30,1
DA:31,1
DA:32,1
DA:33,1
DA:36,1
DA:38,1
DA:39,1
DA:40,1
DA:41,1
DA:44,1
DA:47,1
DA:48,1
DA:50,1
DA:53,1
DA:55,1
DA:56,1
DA:57,1
DA:58,1
DA:59,1
DA:62,1
DA:68,1
DA:71,1
DA:73,1
DA:74,1
DA:75,1
DA:78,1
DA:84,1
DA:85,1
DA:93,0
DA:95,0
DA:106,1
DA:107,1
DA:117,0
DA:118,0
DA:124,0
DA:125,0
DA:126,0
DA:134,0
DA:135,0
DA:136,0
DA:137,0
DA:139,0
DA:141,0
DA:144,1
DA:145,1
DA:157,0
DA:158,0
DA:163,0
DA:164,0
DA:170,0
DA:172,0
DA:173,0
DA:174,0
DA:175,0
DA:176,0
DA:177,0
DA:178,0
DA:179,0
DA:181,0
DA:182,0
DA:183,0
DA:184,0
DA:186,0
DA:187,0
DA:190,0
DA:191,0
DA:192,0
DA:194,0
DA:195,0
DA:196,0
DA:197,0
DA:198,0
DA:200,0
DA:201,0
DA:202,0
DA:203,0
DA:204,0
DA:206,0
DA:215,1
DA:216,1
DA:227,0
DA:230,0
DA:245,0
DA:253,0
DA:255,0
DA:257,0
DA:260,1
DA:261,1
DA:269,0
DA:316,1
DA:317,1
DA:323,0
DA:325,0
DA:326,0
DA:327,0
DA:328,0
DA:329,0
DA:330,0
DA:335,0
LF:113
LH:52
FN:85,103,get_syslog_status
FNDA:0,get_syslog_status
FN:107,141,test_syslog_connection
FNDA:0,test_syslog_connection
FN:145,212,export_audit_logs
FNDA:0,export_audit_logs
FN:216,257,get_sample_message
FNDA:0,get_sample_message
FN:261,313,get_supported_formats
FNDA:0,get_supported_formats
FN:317,338,get_auditable_actions
FNDA:0,get_auditable_actions
FNF:6
FNH:0
BRDA:117,0,jump to line 118,-
BRDA:117,0,jump to line 124,-
BRDA:124,0,jump to line 125,-
BRDA:124,0,jump to line 139,-
BRDA:157,0,jump to line 158,-
BRDA:157,0,jump to line 163,-
BRDA:163,0,jump to line 164,-
BRDA:163,0,jump to line 170,-
BRDA:172,0,jump to line 173,-
BRDA:172,0,jump to line 174,-
BRDA:174,0,jump to line 175,-
BRDA:174,0,jump to line 176,-
BRDA:176,0,jump to line 177,-
BRDA:176,0,jump to line 178,-
BRDA:178,0,jump to line 179,-
BRDA:178,0,jump to line 181,-
BRDA:182,0,jump to line 183,-
BRDA:182,0,jump to line 184,-
BRDA:194,0,jump to line 195,-
BRDA:194,0,jump to line 206,-
BRDA:197,0,jump to line 198,-
BRDA:197,0,jump to line 200,-
BRDA:326,0,jump to line 327,-
BRDA:326,0,jump to line 335,-
BRDA:328,0,jump to line 329,-
BRDA:328,0,jump to line 330,-
BRF:26
BRH:0
end_of_record
SF:D:\VarnaAI\fwchange\backend\app\api\v1\taiga_integration.py
DA:4,1
DA:5,1
DA:6,1
DA:7,1
DA:8,1
DA:9,1
DA:10,1
DA:12,1
DA:14,1
DA:17,1
DA:18,1
DA:20,0
DA:21,0
DA:26,0
DA:27,0
DA:28,0
DA:29,0
DA:30,0
DA:37,1
DA:38,1
DA:40,0
DA:41,0
DA:46,0
DA:47,0
DA:48,0
DA:49,0
DA:50,0
DA:56,1
DA:57,1
DA:71,0
DA:72,0
DA:79,0
DA:82,0
DA:91,0
DA:99,0
DA:101,0
DA:107,0
DA:108,0
DA:109,0
DA:115,1
DA:116,1
DA:129,0
DA:130,0
DA:136,0
DA:144,0
DA:149,0
DA:150,0
DA:151,0
DA:157,1
DA:158,1
DA:169,0
DA:170,0
DA:177,0
DA:181,0
DA:187,0
DA:192,0
DA:193,0
DA:194,0
DA:200,1
DA:201,1
DA:206,0
DA:207,0
DA:213,0
DA:214,0
DA:216,0
DA:217,0
DA:218,0
DA:224,1
DA:225,1
DA:236,0
DA:237,0
DA:243,0
DA:245,0
DA:247,0
DA:253,0
DA:255,0
DA:256,0
DA:257,0
DA:263,1
DA:264,1
DA:277,0
DA:278,0
DA:284,0
DA:286,0
DA:295,0
DA:297,0
DA:303,0
DA:304,0
DA:305,0
LF:89
LH:25
FN:18,34,taiga_health_check
FNDA:0,taiga_health_check
FN:38,53,get_taiga_projects
FNDA:0,get_taiga_projects
FN:57,112,create_taiga_ticket
FNDA:0,create_taiga_ticket
FN:116,154,link_change_to_ticket
FNDA:0,link_change_to_ticket
FN:158,197,update_taiga_status
FNDA:0,update_taiga_status
FN:201,221,get_taiga_story
FNDA:0,get_taiga_story
FN:225,260,search_taiga_stories
FNDA:0,search_taiga_stories
FN:264,308,create_taiga_issue
FNDA:0,create_taiga_issue
FNF:8
FNH:0
end_of_record
SF:D:\VarnaAI\fwchange\backend\app\api\v1\users.py
DA:9,1
DA:10,1
DA:11,1
DA:12,1
DA:13,1
DA:14,1
DA:16,1
DA:17,1
DA:18,1
DA:19,1
DA:20,1
DA:21,1
DA:29,1
DA:33,1
DA:41,1
DA:42,1
DA:57,0
DA:60,0
DA:61,0
DA:66,0
DA:68,0
DA:69,0
DA:71,0
DA:72,0
DA:75,0
DA:76,0
DA:77,0
DA:80,0
DA:81,0
DA:84,0
DA:85,0
DA:87,0
DA:95,1
DA:96,1
DA:106,0
DA:107,0
DA:108,0
DA:110,0
DA:111,0
DA:116,0
DA:119,1
DA:120,1
DA:131,0
DA:132,0
DA:133,0
DA:134,0
DA:140,0
DA:141,0
DA:142,0
DA:143,0
DA:149,0
DA:150,0
DA:161,0
DA:162,0
DA:163,0
DA:165,0
DA:168,1
DA:169,1
DA:181,0
DA:182,0
DA:183,0
DA:185,0
DA:186,0
DA:192,0
DA:193,0
DA:199,0
DA:200,0
DA:206,0
DA:207,0
DA:208,0
DA:209,0
DA:210,0
DA:216,0
DA:217,0
DA:218,0
DA:219,0
DA:220,0
DA:221,0
DA:222,0
DA:223,0
DA:225,0
DA:226,0
DA:228,0
DA:231,1
DA:232,1
DA:243,0
DA:244,0
DA:250,0
DA:251,0
DA:252,0
DA:254,0
DA:255,0
DA:260,0
DA:261,0
DA:263,0
DA:266,1
DA:267,1
DA:268,1
DA:281,0
DA:282,0
DA:283,0
DA:285,0
DA:286,0
DA:292,0
DA:293,0
DA:296,0
DA:304,0
DA:305,0
DA:308,0
DA:309,0
DA:312,0
DA:313,0
DA:315,0
DA:318,0
DA:326,1
DA:327,1
DA:338,0
DA:339,0
DA:345,0
DA:346,0
DA:347,0
DA:350,0
DA:351,0
DA:353,0
DA:355,0
DA:358,1
DA:359,1
DA:370,0
DA:371,0
DA:372,0
DA:375,0
DA:376,0
DA:378,0
DA:380,0
DA:386,1
DA:387,1
DA:398,0
DA:399,0
DA:405,0
DA:406,0
DA:407,0
DA:410,0
DA:411,0
DA:413,0
DA:415,0
LF:145
LH:33
FN:42,92,list_users
FNDA:0,list_users
FN:96,116,get_user
FNDA:0,get_user
FN:120,165,create_user
FNDA:0,create_user
FN:169,228,update_user
FNDA:0,update_user
FN:232,263,delete_user
FNDA:0,delete_user
FN:268,323,reset_user_password
FNDA:0,reset_user_password
FN:327,355,bulk_delete_users
FNDA:0,bulk_delete_users
FN:359,383,bulk_activate_users
FNDA:0,bulk_activate_users
FN:387,418,bulk_deactivate_users
FNDA:0,bulk_deactivate_users
FNF:9
FNH:0
BRDA:60,0,jump to line 61,-
BRDA:60,0,jump to line 68,-
BRDA:68,0,jump to line 69,-
BRDA:68,0,jump to line 71,-
BRDA:71,0,jump to line 72,-
BRDA:71,0,jump to line 75,-
BRDA:110,0,jump to line 111,-
BRDA:110,0,jump to line 116,-
BRDA:133,0,jump to line 134,-
BRDA:133,0,jump to line 140,-
BRDA:142,0,jump to line 143,-
BRDA:142,0,jump to line 149,-
BRDA:185,0,jump to line 186,-
BRDA:185,0,jump to line 192,-
BRDA:192,0,jump to line 193,-
BRDA:192,0,jump to line 199,-
BRDA:199,0,jump to line 200,-
BRDA:199,0,jump to line 206,-
BRDA:206,0,jump to line 207,-
BRDA:206,0,jump to line 216,-
BRDA:209,0,jump to line 210,-
BRDA:209,0,jump to line 216,-
BRDA:216,0,jump to line 217,-
BRDA:216,0,jump to line 218,-
BRDA:218,0,jump to line 219,-
BRDA:218,0,jump to line 220,-
BRDA:220,0,jump to line 221,-
BRDA:220,0,jump to line 222,-
BRDA:222,0,jump to line 223,-
BRDA:222,0,jump to line 225,-
BRDA:243,0,jump to line 244,-
BRDA:243,0,jump to line 250,-
BRDA:254,0,jump to line 255,-
BRDA:254,0,jump to line 260,-
BRDA:285,0,jump to line 286,-
BRDA:285,0,jump to line 292,-
BRDA:338,0,jump to line 339,-
BRDA:338,0,jump to line 345,-
BRDA:350,0,jump to line 351,-
BRDA:350,0,jump to line 353,-
BRDA:375,0,jump to line 376,-
BRDA:375,0,jump to line 378,-
BRDA:398,0,jump to line 399,-
BRDA:398,0,jump to line 405,-
BRDA:410,0,jump to line 411,-
BRDA:410,0,jump to line 413,-
BRF:46
BRH:0
end_of_record
SF:D:\VarnaAI\fwchange\backend\app\api\v1\utils.py
DA:9,1
DA:10,1
DA:11,1
DA:12,1
DA:14,1
DA:17,1
DA:20,1
DA:32,0
DA:33,0
DA:34,0
DA:37,1
DA:53,0
DA:54,0
DA:55,0
DA:56,0
DA:59,1
DA:80,0
DA:81,0
DA:82,0
DA:85,0
DA:86,0
DA:89,0
DA:92,0
DA:93,0
DA:95,0
DA:98,1
DA:114,0
DA:115,0
DA:121,1
DA:135,0
LF:30
LH:11
FN:20,34,get_org_filter
FNDA:0,get_org_filter
FN:37,56,apply_org_filter
FNDA:0,apply_org_filter
FN:59,95,paginate_query
FNDA:0,paginate_query
FN:98,118,resource_not_found
FNDA:0,resource_not_found
FN:121,138,forbidden_resource
FNDA:0,forbidden_resource
FNF:5
FNH:0
BRDA:32,0,jump to line 33,-
BRDA:32,0,jump to line 34,-
BRDA:54,0,jump to line 55,-
BRDA:54,0,jump to line 56,-
BRDA:85,0,jump to line 86,-
BRDA:85,0,jump to line 89,-
BRF:6
BRH:0
end_of_record
SF:D:\VarnaAI\fwchange\backend\app\api\v1\vendor_optimization.py
DA:9,1
DA:10,1
DA:11,1
DA:12,1
DA:13,1
DA:15,1
DA:16,1
DA:17,1
DA:18,1
DA:19,1
DA:20,1
DA:22,1
DA:24,1
DA:27,1
DA:28,1
DA:37,0
DA:38,0
DA:40,0
DA:45,0
DA:46,0
DA:47,0
DA:53,1
DA:54,1
DA:64,0
DA:66,0
DA:67,0
DA:68,0
DA:69,0
DA:74,0
DA:76,0
DA:77,0
DA:82,0
DA:88,0
DA:89,0
DA:90,0
DA:91,0
DA:92,0
DA:98,1
DA:99,1
DA:111,0
DA:113,0
DA:116,0
DA:118,0
DA:119,0
DA:125,0
DA:131,0
DA:133,0
DA:134,0
DA:143,0
DA:149,0
DA:155,0
DA:156,0
DA:157,0
DA:158,0
DA:159,0
DA:165,1
DA:166,1
DA:177,0
DA:179,0
DA:182,0
DA:184,0
DA:185,0
DA:191,0
DA:193,0
DA:194,0
DA:202,0
DA:212,0
DA:213,0
DA:214,0
DA:215,0
DA:216,0
DA:222,1
DA:223,1
DA:233,0
DA:234,0
DA:235,0
DA:240,0
DA:242,0
DA:243,0
DA:244,0
DA:245,0
DA:247,0
DA:248,0
DA:255,0
DA:263,0
DA:264,0
DA:272,0
DA:277,0
DA:278,0
DA:279,0
DA:280,0
DA:281,0
LF:92
LH:23
FN:28,50,list_supported_vendors
FNDA:0,list_supported_vendors
FN:54,95,get_vendor_best_practices
FNDA:0,get_vendor_best_practices
FN:99,162,analyze_firewall_with_vendor_strategy
FNDA:0,analyze_firewall_with_vendor_strategy
FN:166,219,get_firewall_optimization_strategy
FNDA:0,get_firewall_optimization_strategy
FN:223,284,compare_vendor_strategies
FNDA:0,compare_vendor_strategies
FNF:5
FNH:0
BRDA:76,0,jump to line 77,-
BRDA:76,0,jump to line 82,-
BRDA:118,0,jump to line 119,-
BRDA:118,0,jump to line 125,-
BRDA:133,0,jump to line 134,-
BRDA:133,0,jump to line 143,-
BRDA:184,0,jump to line 185,-
BRDA:184,0,jump to line 191,-
BRDA:193,0,jump to line 194,-
BRDA:193,0,jump to line 202,-
BRDA:234,0,jump to line 235,-
BRDA:234,0,jump to line 240,-
BRDA:242,0,jump to line 243,-
BRDA:242,0,jump to line 272,-
BRDA:247,0,jump to line 248,-
BRDA:247,0,jump to line 255,-
BRF:16
BRH:0
end_of_record
SF:D:\VarnaAI\fwchange\backend\app\api\v1\webhooks.py
DA:9,1
DA:10,1
DA:11,1
DA:12,1
DA:13,1
DA:14,1
DA:16,1
DA:17,1
DA:18,1
DA:19,1
DA:21,1
DA:22,1
DA:23,1
DA:24,1
DA:25,1
DA:26,1
DA:38,1
DA:39,1
DA:46,1
DA:47,1
DA:57,0
DA:58,0
DA:64,0
DA:66,0
DA:78,0
DA:79,0
DA:80,0
DA:82,0
DA:83,0
DA:86,1
DA:87,1
DA:100,0
DA:103,0
DA:104,0
DA:105,0
DA:106,0
DA:107,0
DA:109,0
DA:110,0
DA:113,0
DA:114,0
DA:115,0
DA:116,0
DA:117,0
DA:120,0
DA:122,0
DA:123,0
DA:125,0
DA:134,1
DA:135,1
DA:145,0
DA:146,0
DA:148,0
DA:149,0
DA:151,0
DA:154,1
DA:155,1
DA:166,0
DA:167,0
DA:172,0
DA:173,0
DA:175,0
DA:176,0
DA:179,0
DA:180,0
DA:181,0
DA:182,0
DA:183,0
DA:185,0
DA:186,0
DA:188,0
DA:190,0
DA:191,0
DA:193,0
DA:194,0
DA:197,1
DA:198,1
DA:208,0
DA:209,0
DA:214,0
DA:215,0
DA:217,0
DA:218,0
DA:220,0
DA:221,0
DA:223,0
DA:224,0
DA:231,1
DA:232,1
DA:247,0
DA:248,0
DA:249,0
DA:251,0
DA:254,0
DA:255,0
DA:256,0
DA:257,0
DA:258,0
DA:260,0
DA:261,0
DA:264,0
DA:265,0
DA:266,0
DA:267,0
DA:268,0
DA:271,0
DA:273,0
DA:274,0
DA:276,0
DA:285,1
DA:286,1
DA:296,0
DA:297,0
DA:299,0
DA:300,0
DA:302,0
DA:309,1
DA:310,1
DA:321,0
DA:322,0
DA:327,0
DA:328,0
DA:330,0
DA:331,0
DA:334,0
DA:336,0
DA:347,0
DA:349,0
DA:351,0
DA:353,0
DA:354,0
DA:356,0
DA:364,0
DA:365,0
DA:366,0
DA:368,0
DA:369,0
DA:382,1
DA:383,1
DA:393,0
DA:394,0
DA:396,0
DA:397,0
DA:400,0
DA:410,0
DA:413,0
DA:420,0
DA:426,0
DA:430,0
DA:443,0
DA:445,0
DA:447,0
LF:152
LH:36
FN:47,83,create_webhook
FNDA:0,create_webhook
FN:87,131,list_webhooks
FNDA:0,list_webhooks
FN:135,151,get_webhook
FNDA:0,get_webhook
FN:155,194,update_webhook
FNDA:0,update_webhook
FN:198,224,delete_webhook
FNDA:0,delete_webhook
FN:232,282,list_webhook_deliveries
FNDA:0,list_webhook_deliveries
FN:286,302,get_webhook_delivery
FNDA:0,get_webhook_delivery
FN:310,375,test_webhook
FNDA:0,test_webhook
FN:383,459,get_webhook_statistics
FNDA:0,get_webhook_statistics
FNF:9
FNH:0
BRDA:57,0,jump to line 58,-
BRDA:57,0,jump to line 64,-
BRDA:104,0,jump to line 105,-
BRDA:104,0,jump to line 106,-
BRDA:106,0,jump to line 107,-
BRDA:106,0,jump to line 109,-
BRDA:109,0,jump to line 110,-
BRDA:109,0,jump to line 113,-
BRDA:114,0,jump to line 115,-
BRDA:114,0,jump to line 116,-
BRDA:148,0,jump to line 149,-
BRDA:148,0,jump to line 151,-
BRDA:166,0,jump to line 167,-
BRDA:166,0,jump to line 172,-
BRDA:175,0,jump to line 176,-
BRDA:175,0,jump to line 179,-
BRDA:180,0,jump to line 181,-
BRDA:180,0,jump to line 182,-
BRDA:182,0,jump to line 183,-
BRDA:182,0,jump to line 185,-
BRDA:185,0,jump to line 186,-
BRDA:185,0,jump to line 188,-
BRDA:208,0,jump to line 209,-
BRDA:208,0,jump to line 214,-
BRDA:217,0,jump to line 218,-
BRDA:217,0,jump to line 220,-
BRDA:248,0,jump to line 249,-
BRDA:248,0,jump to line 251,-
BRDA:255,0,jump to line 256,-
BRDA:255,0,jump to line 257,-
BRDA:257,0,jump to line 258,-
BRDA:257,0,jump to line 260,-
BRDA:260,0,jump to line 261,-
BRDA:260,0,jump to line 264,-
BRDA:265,0,jump to line 266,-
BRDA:265,0,jump to line 267,-
BRDA:299,0,jump to line 300,-
BRDA:299,0,jump to line 302,-
BRDA:321,0,jump to line 322,-
BRDA:321,0,jump to line 327,-
BRDA:330,0,jump to line 331,-
BRDA:330,0,jump to line 334,-
BRDA:396,0,jump to line 397,-
BRDA:396,0,jump to line 400,-
BRF:44
BRH:0
end_of_record
SF:D:\VarnaAI\fwchange\backend\app\core\__init__.py
end_of_record
SF:D:\VarnaAI\fwchange\backend\app\core\cache_events.py
DA:9,1
DA:10,1
DA:11,1
DA:12,1
DA:13,1
DA:15,1
DA:17,1
DA:20,1
DA:22,1
DA:23,1
DA:24,1
DA:27,1
DA:38,1
DA:45,0
DA:46,0
DA:47,0
DA:48,0
DA:50,1
DA:52,0
DA:59,1
DA:60,1
DA:62,0
DA:71,1
DA:74,1
DA:75,1
DA:78,1
DA:88,0
DA:89,0
DA:90,0
DA:91,0
DA:92,0
DA:95,0
DA:98,0
DA:100,0
DA:105,0
DA:107,0
DA:108,0
DA:112,0
DA:115,1
DA:126,0
DA:131,0
DA:134,1
DA:145,0
DA:150,0
DA:153,1
DA:163,0
DA:167,0
DA:170,1
DA:177,0
DA:178,0
DA:181,1
DA:188,0
DA:189,0
DA:190,0
DA:191,0
DA:192,0
DA:195,0
DA:196,0
DA:197,0
DA:198,0
DA:201,0
DA:202,0
DA:203,0
DA:205,0
DA:206,0
DA:207,0
DA:211,0
DA:212,0
DA:213,0
DA:214,0
DA:216,0
DA:217,0
DA:219,0
DA:220,0
DA:221,0
DA:224,0
DA:225,0
DA:226,0
DA:227,0
DA:229,0
DA:230,0
DA:231,0
DA:236,0
DA:237,0
DA:243,1
DA:247,0
DA:248,0
DA:250,0
DA:251,0
DA:252,0
DA:253,0
DA:254,0
DA:257,0
DA:258,0
DA:259,0
DA:260,0
DA:262,0
DA:265,0
DA:266,0
DA:267,0
DA:268,0
DA:269,0
DA:270,0
DA:272,0
DA:273,0
DA:276,0
DA:278,0
DA:279,0
DA:284,0
DA:285,0
DA:286,0
DA:287,0
DA:288,0
DA:292,0
DA:295,1
DA:302,0
DA:303,0
DA:304,0
DA:306,0
DA:307,0
DA:310,1
DA:317,0
DA:318,0
DA:320,0
DA:321,0
DA:323,0
DA:324,0
DA:325,0
DA:326,0
DA:328,0
DA:329,0
LF:131
LH:28
FN:38,48,CacheEvent.__init__
FNDA:0,CacheEvent.__init__
FN:50,57,CacheEvent.to_dict
FNDA:0,CacheEvent.to_dict
FN:60,67,CacheEvent.from_dict
FNDA:0,CacheEvent.from_dict
FN:78,112,publish_cache_event
FNDA:0,publish_cache_event
FN:115,131,invalidate_cache_pattern
FNDA:0,invalidate_cache_pattern
FN:134,150,invalidate_cache_key
FNDA:0,invalidate_cache_key
FN:153,167,invalidate_all_cache
FNDA:0,invalidate_all_cache
FN:170,178,register_invalidation_handler
FNDA:0,register_invalidation_handler
FN:181,240,_handle_cache_event
FNDA:0,_handle_cache_event
FN:243,292,_subscriber_loop
FNDA:0,_subscriber_loop
FN:295,307,start_cache_subscriber
FNDA:0,start_cache_subscriber
FN:310,329,stop_cache_subscriber
FNDA:0,stop_cache_subscriber
FNF:12
FNH:0
BRDA:90,0,jump to line 91,-
BRDA:90,0,jump to line 95,-
BRDA:190,0,jump to line 191,-
BRDA:190,0,jump to line 195,-
BRDA:195,0,jump to line 196,-
BRDA:195,0,jump to line 211,-
BRDA:196,0,jump to line 197,-
BRDA:196,0,jump to line 201,-
BRDA:202,0,jump to line 203,-
BRDA:202,0,jump to line 205,-
BRDA:205,0,jump to line 206,-
BRDA:205,0,jump to line 224,-
BRDA:211,0,jump to line 212,-
BRDA:211,0,jump to line 219,-
BRDA:212,0,jump to line 213,-
BRDA:212,0,jump to line 216,-
BRDA:219,0,jump to line 220,-
BRDA:219,0,jump to line 224,-
BRDA:224,0,jump to line 225,-
BRDA:224,0,return from function '_handle_cache_event',-
BRDA:226,0,jump to line 227,-
BRDA:226,0,jump to line 229,-
BRDA:251,0,jump to line 252,-
BRDA:251,0,jump to line 257,-
BRDA:258,0,jump to line 259,-
BRDA:258,0,jump to line 260,-
BRDA:266,0,jump to line 267,-
BRDA:266,0,jump to line 268,-
BRDA:268,0,jump to line 247,-
BRDA:268,0,jump to line 269,-
BRDA:269,0,jump to line 268,-
BRDA:269,0,jump to line 270,-
BRDA:302,0,jump to line 303,-
BRDA:302,0,jump to line 306,-
BRDA:317,0,jump to line 318,-
BRDA:317,0,jump to line 320,-
BRF:36
BRH:0
end_of_record
SF:D:\VarnaAI\fwchange\backend\app\core\config.py
DA:9,1
DA:10,1
DA:11,1
DA:12,1
DA:15,1
DA:18,1
DA:26,1
DA:27,1
DA:28,1
DA:29,1
DA:30,1
DA:33,1
DA:37,1
DA:40,1
DA:41,1
DA:42,1
DA:48,1
DA:53,1
DA:58,1
DA:59,1
DA:60,1
DA:61,1
DA:62,1
DA:65,1
DA:71,1
DA:78,1
DA:79,1
DA:80,1
DA:81,1
DA:82,1
DA:83,1
DA:84,1
DA:85,1
DA:86,1
DA:89,1
DA:92,1
DA:93,1
DA:96,1
DA:97,1
DA:98,1
DA:99,1
DA:102,1
DA:103,1
DA:104,1
DA:105,1
DA:108,1
DA:109,1
DA:110,1
DA:111,1
DA:114,1
DA:115,1
DA:116,1
DA:117,1
DA:120,1
DA:121,1
DA:124,1
DA:125,1
DA:126,1
DA:127,1
DA:130,1
DA:131,1
DA:134,1
DA:135,1
DA:136,1
DA:137,1
DA:142,1
DA:143,1
DA:148,1
DA:149,1
DA:150,1
DA:153,1
DA:154,1
DA:155,1
DA:156,1
DA:159,1
DA:160,1
DA:161,1
DA:162,1
DA:163,1
DA:164,1
DA:165,1
DA:167,1
DA:168,1
DA:169,1
DA:171,1
DA:172,0
DA:178,1
DA:181,1
DA:190,1
DA:191,0
DA:197,1
DA:198,0
DA:203,1
DA:205,1
DA:206,1
DA:207,1
DA:209,1
DA:210,1
DA:212,1
DA:215,1
DA:216,1
DA:217,1
DA:223,1
DA:226,0
DA:227,0
DA:228,0
DA:233,0
DA:235,1
DA:236,1
DA:237,1
DA:240,1
DA:241,0
DA:244,1
DA:245,1
DA:247,0
DA:249,0
DA:250,0
DA:251,0
DA:252,0
DA:258,0
DA:259,0
DA:264,1
DA:266,1
DA:267,1
DA:268,1
DA:270,1
DA:271,0
DA:274,1
DA:275,1
DA:277,0
DA:278,0
DA:284,0
DA:285,0
DA:286,0
DA:287,0
DA:292,1
DA:294,1
DA:295,1
DA:296,1
DA:298,1
DA:301,1
DA:302,0
DA:308,1
DA:309,0
DA:310,0
DA:316,1
DA:318,1
DA:319,1
DA:320,1
DA:322,1
DA:325,1
DA:326,0
DA:327,0
DA:332,1
DA:334,1
DA:335,1
DA:336,1
DA:338,1
DA:339,1
DA:340,0
DA:344,1
DA:348,1
DA:351,1
DA:361,0
LF:164
LH:135
FN:169,203,Settings.validate_secret_key
FNDA:1,Settings.validate_secret_key
FN:207,233,Settings.validate_encryption_salt
FNDA:1,Settings.validate_encryption_salt
FN:237,264,Settings.parse_cors_origins
FNDA:1,Settings.parse_cors_origins
FN:268,292,Settings.parse_allowed_hosts
FNDA:1,Settings.parse_allowed_hosts
FN:296,316,Settings.validate_database_url
FNDA:1,Settings.validate_database_url
FN:320,332,Settings.validate_redis_url
FNDA:1,Settings.validate_redis_url
FN:336,344,Settings.validate_environment_consistency
FNDA:1,Settings.validate_environment_consistency
FN:351,361,get_settings
FNDA:0,get_settings
FNF:8
FNH:7
BRDA:171,0,jump to line 172,0
BRDA:171,0,jump to line 178,1
BRDA:190,0,jump to line 191,0
BRDA:190,0,jump to line 197,1
BRDA:197,0,jump to line 198,0
BRDA:197,0,jump to line 203,1
BRDA:212,0,jump to line 215,1
BRDA:212,0,jump to line 226,0
BRDA:227,0,jump to line 228,-
BRDA:227,0,jump to line 233,-
BRDA:240,0,jump to line 241,0
BRDA:240,0,jump to line 244,1
BRDA:245,0,jump to line 247,0
BRDA:245,0,jump to line 264,1
BRDA:249,0,jump to line 250,-
BRDA:249,0,jump to line 264,-
BRDA:251,0,jump to line 252,-
BRDA:251,0,jump to line 258,-
BRDA:258,0,jump to line 249,-
BRDA:258,0,jump to line 259,-
BRDA:270,0,jump to line 271,0
BRDA:270,0,jump to line 274,1
BRDA:275,0,jump to line 277,0
BRDA:275,0,jump to line 292,1
BRDA:277,0,jump to line 278,-
BRDA:277,0,jump to line 284,-
BRDA:285,0,jump to line 286,-
BRDA:285,0,jump to line 292,-
BRDA:286,0,jump to line 285,-
BRDA:286,0,jump to line 287,-
BRDA:301,0,jump to line 302,0
BRDA:301,0,jump to line 308,1
BRDA:308,0,jump to line 309,0
BRDA:308,0,jump to line 316,1
BRDA:325,0,jump to line 326,0
BRDA:325,0,jump to line 332,1
BRDA:326,0,jump to line 327,-
BRDA:326,0,jump to line 332,-
BRDA:339,0,jump to line 340,0
BRDA:339,0,jump to line 344,1
BRF:40
BRH:12
end_of_record
SF:D:\VarnaAI\fwchange\backend\app\core\database.py
DA:14,1
DA:15,1
DA:21,1
DA:22,1
DA:23,1
DA:24,1
DA:26,1
DA:28,1
DA:31,1
DA:33,1
DA:36,1
DA:37,1
DA:38,0
DA:40,0
DA:43,1
DA:44,1
DA:46,1
DA:50,0
DA:53,0
DA:59,0
DA:66,1
DA:74,1
DA:83,1
DA:86,1
DA:95,0
DA:96,0
DA:97,0
DA:98,0
DA:99,0
DA:100,0
DA:107,0
DA:108,0
DA:109,0
DA:110,0
DA:117,0
DA:118,0
DA:119,0
DA:120,0
DA:128,0
DA:129,0
DA:131,0
DA:134,1
DA:136,0
DA:137,0
DA:139,0
DA:142,0
DA:144,0
DA:145,0
DA:146,0
DA:150,0
DA:151,0
DA:152,0
DA:156,0
DA:159,1
DA:161,0
DA:162,0
LF:56
LH:21
FN:86,131,get_db
FNDA:0,get_db
FN:134,156,init_db
FNDA:0,init_db
FN:159,162,close_db
FNDA:0,close_db
FNF:3
FNH:0
BRDA:36,0,jump to line 37,1
BRDA:36,0,jump to line 38,0
BRDA:38,0,jump to line 40,-
BRDA:38,0,jump to line 43,-
BRDA:44,0,jump to line 46,1
BRDA:44,0,jump to line 50,0
BRDA:50,0,jump to line 53,-
BRDA:50,0,jump to line 59,-
BRF:8
BRH:2
end_of_record
SF:D:\VarnaAI\fwchange\backend\app\core\error_handlers.py
DA:9,1
DA:10,1
DA:11,1
DA:12,1
DA:13,1
DA:14,1
DA:15,1
DA:16,1
DA:18,1
DA:19,1
DA:28,1
DA:31,1
DA:34,1
DA:42,0
DA:43,0
DA:44,0
DA:45,0
DA:46,0
DA:48,1
DA:50,0
DA:57,0
DA:58,0
DA:60,0
DA:61,0
DA:64,0
DA:65,0
DA:67,0
DA:70,1
DA:74,0
DA:76,0
DA:80,0
DA:88,0
DA:95,1
DA:99,0
DA:101,0
DA:106,0
DA:114,0
DA:117,1
DA:121,0
DA:123,0
DA:127,0
DA:135,0
DA:138,1
DA:142,0
DA:144,0
DA:148,0
DA:156,0
DA:159,1
DA:163,0
DA:165,0
DA:169,0
DA:181,0
DA:184,1
DA:188,0
DA:191,0
DA:192,0
DA:193,0
DA:194,0
DA:202,0
DA:207,0
DA:215,0
DA:218,1
DA:220,0
DA:223,0
DA:225,0
DA:231,0
DA:232,0
DA:233,0
DA:234,0
DA:235,0
DA:236,0
DA:238,0
DA:239,0
DA:241,0
DA:249,0
DA:252,1
DA:254,0
DA:256,0
DA:258,0
DA:263,0
DA:271,0
DA:274,1
DA:276,0
DA:279,0
DA:286,0
DA:287,0
DA:288,0
DA:289,0
DA:290,0
DA:292,0
DA:300,0
DA:303,1
DA:307,1
DA:308,1
DA:309,1
DA:310,1
DA:311,1
DA:314,1
DA:315,1
DA:318,1
DA:319,1
DA:322,1
DA:324,1
LF:103
LH:35
FN:34,46,ErrorResponse.__init__
FNDA:0,ErrorResponse.__init__
FN:48,67,ErrorResponse.to_dict
FNDA:0,ErrorResponse.to_dict
FN:70,92,authentication_exception_handler
FNDA:0,authentication_exception_handler
FN:95,114,authorization_exception_handler
FNDA:0,authorization_exception_handler
FN:117,135,resource_not_found_exception_handler
FNDA:0,resource_not_found_exception_handler
FN:138,156,validation_exception_handler
FNDA:0,validation_exception_handler
FN:159,181,external_service_exception_handler
FNDA:0,external_service_exception_handler
FN:184,215,request_validation_exception_handler
FNDA:0,request_validation_exception_handler
FN:218,249,integrity_error_handler
FNDA:0,integrity_error_handler
FN:252,271,operational_error_handler
FNDA:0,operational_error_handler
FN:274,300,generic_exception_handler
FNDA:0,generic_exception_handler
FN:303,324,register_error_handlers
FNDA:1,register_error_handlers
FNF:12
FNH:1
BRDA:57,0,jump to line 58,-
BRDA:57,0,jump to line 60,-
BRDA:60,0,jump to line 61,-
BRDA:60,0,jump to line 64,-
BRDA:64,0,jump to line 65,-
BRDA:64,0,jump to line 67,-
BRDA:192,0,jump to line 193,-
BRDA:192,0,jump to line 202,-
BRDA:231,0,jump to line 232,-
BRDA:231,0,jump to line 234,-
BRDA:234,0,jump to line 235,-
BRDA:234,0,jump to line 238,-
BRDA:287,0,jump to line 288,-
BRDA:287,0,jump to line 292,-
BRF:14
BRH:0
end_of_record
SF:D:\VarnaAI\fwchange\backend\app\core\exceptions.py
DA:9,1
DA:10,1
DA:13,1
DA:16,1
DA:22,0
DA:23,0
DA:24,0
DA:25,0
DA:29,1
DA:32,1
DA:35,1
DA:36,0
DA:39,1
DA:42,1
DA:43,0
DA:46,1
DA:49,1
DA:50,0
DA:51,0
DA:54,1
DA:57,1
DA:58,0
DA:59,0
DA:60,0
DA:61,0
DA:65,1
DA:68,1
DA:71,1
DA:72,0
DA:79,1
DA:82,1
DA:83,0
DA:90,1
DA:93,1
DA:94,0
DA:95,0
DA:98,1
DA:101,1
DA:102,0
DA:105,1
DA:108,1
DA:109,0
DA:112,1
DA:115,1
DA:116,0
DA:120,1
DA:121,1
DA:124,1
DA:127,1
DA:128,0
DA:129,0
DA:130,0
DA:131,0
DA:132,0
DA:135,1
DA:145,0
DA:158,0
DA:160,0
LF:58
LH:31
FN:16,25,FirewallChangeException.__init__
FNDA:0,FirewallChangeException.__init__
FN:35,36,AuthenticationError.__init__
FNDA:0,AuthenticationError.__init__
FN:42,43,AuthorizationError.__init__
FNDA:0,AuthorizationError.__init__
FN:49,51,ResourceNotFoundError.__init__
FNDA:0,ResourceNotFoundError.__init__
FN:57,61,ValidationException.__init__
FNDA:0,ValidationException.__init__
FN:71,76,FirewallConnectionError.__init__
FNDA:0,FirewallConnectionError.__init__
FN:82,87,FirewallOperationError.__init__
FNDA:0,FirewallOperationError.__init__
FN:93,95,JiraIntegrationError.__init__
FNDA:0,JiraIntegrationError.__init__
FN:101,102,LicenseError.__init__
FNDA:0,LicenseError.__init__
FN:108,109,RateLimitError.__init__
FNDA:0,RateLimitError.__init__
FN:115,116,BusinessLogicException.__init__
FNDA:0,BusinessLogicException.__init__
FN:127,132,ExternalServiceError.__init__
FNDA:0,ExternalServiceError.__init__
FN:135,167,to_http_exception
FNDA:0,to_http_exception
FNF:13
FNH:0
BRDA:59,0,jump to line 60,-
BRDA:59,0,jump to line 61,-
BRDA:130,0,jump to line 131,-
BRDA:130,0,jump to line 132,-
BRF:4
BRH:0
end_of_record
SF:D:\VarnaAI\fwchange\backend\app\core\license.py
DA:9,1
DA:10,1
DA:11,1
DA:12,1
DA:13,1
DA:14,1
DA:15,1
DA:16,1
DA:17,1
DA:19,1
DA:22,1
DA:32,0
DA:35,1
DA:37,1
DA:38,1
DA:39,1
DA:40,1
DA:41,1
DA:42,1
DA:43,1
DA:46,1
DA:48,1
DA:49,1
DA:50,1
DA:53,1
DA:59,1
DA:60,1
DA:61,1
DA:63,1
DA:64,1
DA:66,0
DA:67,0
DA:69,1
DA:70,1
DA:72,0
DA:74,1
DA:75,1
DA:77,0
DA:78,0
DA:79,0
DA:82,1
DA:85,1
DA:92,0
DA:93,0
DA:94,0
DA:95,0
DA:97,1
DA:99,0
DA:107,1
DA:118,0
DA:120,0
DA:121,0
DA:122,0
DA:123,0
DA:124,0
DA:125,0
DA:131,0
DA:132,0
DA:133,0
DA:135,0
DA:136,0
DA:145,0
DA:146,0
DA:152,0
DA:153,0
DA:154,0
DA:155,0
DA:161,0
DA:162,0
DA:168,0
DA:177,0
DA:178,0
DA:184,0
DA:186,0
DA:187,0
DA:188,0
DA:193,0
DA:194,0
DA:195,0
DA:201,1
DA:211,0
DA:222,1
DA:233,0
DA:234,0
DA:236,0
DA:239,0
DA:240,0
DA:241,0
DA:242,0
DA:243,0
DA:246,1
DA:262,0
DA:263,0
DA:266,0
DA:267,0
DA:268,0
DA:269,0
DA:270,0
DA:277,0
DA:278,0
DA:280,0
DA:281,0
DA:283,0
DA:286,0
DA:287,0
DA:294,0
DA:295,0
DA:302,0
DA:304,0
DA:305,0
DA:306,0
DA:310,0
DA:311,0
DA:312,0
LF:114
LH:40
FN:22,32,generate_license_fingerprint
FNDA:0,generate_license_fingerprint
FN:64,67,LicenseClaims.expires_in_days
FNDA:0,LicenseClaims.expires_in_days
FN:70,72,LicenseClaims.is_expired
FNDA:0,LicenseClaims.is_expired
FN:75,79,LicenseClaims.is_not_yet_valid
FNDA:0,LicenseClaims.is_not_yet_valid
FN:85,95,License.__init__
FNDA:0,License.__init__
FN:97,104,License.is_valid
FNDA:0,License.is_valid
FN:107,198,init_license
FNDA:0,init_license
FN:201,219,_parse_license_claims
FNDA:0,_parse_license_claims
FN:222,243,check_license_revocation
FNDA:0,check_license_revocation
FN:246,315,validate_license_with_revocation
FNDA:0,validate_license_with_revocation
FNF:10
FNH:0
BRDA:77,0,jump to line 78,-
BRDA:77,0,jump to line 79,-
BRDA:131,0,jump to line 132,-
BRDA:131,0,jump to line 161,-
BRDA:145,0,jump to line 146,-
BRDA:145,0,jump to line 152,-
BRDA:177,0,jump to line 178,-
BRDA:177,0,jump to line 184,-
BRDA:266,0,jump to line 267,-
BRDA:266,0,jump to line 277,-
BRDA:268,0,jump to line 269,-
BRDA:268,0,jump to line 277,-
BRDA:277,0,jump to line 278,-
BRDA:277,0,jump to line 280,-
BRDA:286,0,jump to line 287,-
BRDA:286,0,jump to line 294,-
BRDA:294,0,jump to line 295,-
BRDA:294,0,jump to line 302,-
BRF:18
BRH:0
end_of_record
SF:D:\VarnaAI\fwchange\backend\app\core\logging.py
DA:9,1
DA:10,1
DA:11,1
DA:12,1
DA:13,1
DA:14,1
DA:16,1
DA:17,0
DA:19,0
DA:20,0
DA:22,1
DA:25,1
DA:50,1
DA:60,1
DA:61,0
DA:63,1
DA:64,1
DA:66,1
DA:69,1
DA:80,0
DA:81,0
DA:83,0
DA:90,0
DA:91,0
DA:92,0
DA:94,0
DA:95,0
DA:96,0
DA:97,0
DA:98,0
DA:99,0
DA:100,0
DA:101,0
DA:108,0
DA:110,0
DA:113,1
DA:120,1
DA:122,1
DA:123,1
DA:126,1
DA:127,0
DA:128,0
DA:129,0
DA:130,0
DA:136,1
DA:137,1
DA:138,0
DA:139,0
DA:140,0
DA:141,0
DA:142,0
DA:144,1
DA:147,1
DA:148,1
DA:149,1
DA:152,1
DA:155,1
DA:156,1
DA:159,1
DA:160,1
DA:161,1
DA:164,1
DA:165,1
DA:166,0
DA:168,1
DA:169,1
DA:170,0
DA:172,1
DA:173,1
DA:174,0
DA:177,1
DA:178,1
DA:181,1
DA:190,0
DA:191,0
DA:192,0
DA:193,0
DA:194,0
DA:197,1
DA:199,0
DA:200,0
DA:201,0
DA:204,1
DA:214,0
DA:217,1
DA:221,1
DA:227,1
DA:230,1
DA:231,1
DA:232,1
DA:235,1
DA:236,1
DA:237,1
DA:238,1
DA:241,1
DA:242,1
DA:243,1
DA:245,1
LF:98
LH:57
FN:50,66,sanitize_log_message
FNDA:1,sanitize_log_message
FN:69,110,sanitize_log_dict
FNDA:0,sanitize_log_dict
FN:120,144,SensitiveDataFilter.filter
FNDA:1,SensitiveDataFilter.filter
FN:155,178,CustomJsonFormatter.add_fields
FNDA:1,CustomJsonFormatter.add_fields
FN:181,194,set_request_context
FNDA:0,set_request_context
FN:197,201,clear_request_context
FNDA:0,clear_request_context
FN:204,214,get_logger
FNDA:0,get_logger
FN:217,245,configure_logging
FNDA:1,configure_logging
FNF:8
FNH:4
BRDA:60,0,jump to line 61,0
BRDA:60,0,jump to line 63,1
BRDA:63,0,jump to line 64,1
BRDA:63,0,jump to line 66,1
BRDA:80,0,jump to line 81,-
BRDA:80,0,jump to line 83,-
BRDA:91,0,jump to line 92,-
BRDA:91,0,jump to line 110,-
BRDA:94,0,jump to line 95,-
BRDA:94,0,jump to line 96,-
BRDA:96,0,jump to line 97,-
BRDA:96,0,jump to line 98,-
BRDA:98,0,jump to line 99,-
BRDA:98,0,jump to line 100,-
BRDA:100,0,jump to line 101,-
BRDA:100,0,jump to line 108,-
BRDA:122,0,jump to line 123,1
BRDA:122,0,jump to line 126,0
BRDA:126,0,jump to line 127,0
BRDA:126,0,jump to line 136,1
BRDA:127,0,jump to line 128,-
BRDA:127,0,jump to line 129,-
BRDA:129,0,jump to line 130,-
BRDA:129,0,jump to line 136,-
BRDA:136,0,jump to line 137,1
BRDA:136,0,jump to line 144,1
BRDA:137,0,jump to line 136,1
BRDA:137,0,jump to line 138,0
BRDA:139,0,jump to line 140,-
BRDA:139,0,jump to line 141,-
BRDA:141,0,jump to line 136,-
BRDA:141,0,jump to line 142,-
BRDA:165,0,jump to line 166,0
BRDA:165,0,jump to line 168,1
BRDA:169,0,jump to line 170,0
BRDA:169,0,jump to line 172,1
BRDA:173,0,jump to line 174,0
[...]
BRDA:654,0,jump to line 655,-
BRDA:654,0,jump to line 656,-
BRDA:656,0,jump to line 658,-
BRDA:656,0,jump to line 659,-
BRDA:659,0,jump to line 661,-
BRDA:659,0,jump to line 665,-
BRDA:666,0,jump to line 667,-
BRDA:666,0,jump to line 670,-
BRDA:674,0,jump to line 675,-
BRDA:674,0,jump to line 676,-
BRDA:676,0,jump to line 678,-
BRDA:676,0,jump to line 684,-
BRDA:684,0,jump to line 685,-
BRDA:684,0,jump to line 686,-
BRDA:686,0,jump to line 687,-
BRDA:686,0,jump to line 690,-
BRF:94
BRH:0
end_of_record
SF:D:\VarnaAI\fwchange\backend\app\services\vendors\driverInterface.py
DA:9,1
DA:10,1
DA:11,1
DA:12,1
DA:14,1
DA:17,1
DA:19,1
DA:22,1
DA:24,1
DA:27,1
DA:29,1
DA:32,1
DA:34,1
DA:37,1
DA:52,1
DA:74,0
DA:75,0
DA:76,0
DA:77,0
DA:78,0
DA:79,0
DA:80,0
DA:82,0
DA:83,0
DA:84,0
DA:86,0
DA:88,1
DA:89,1
DA:91,0
DA:93,1
DA:94,1
DA:96,0
DA:100,1
DA:101,1
DA:112,0
DA:114,1
DA:115,1
DA:122,0
DA:124,1
DA:125,1
DA:151,0
DA:153,1
DA:154,1
DA:178,0
DA:180,1
DA:181,1
DA:199,0
DA:203,1
DA:216,0
DA:217,0
DA:218,0
DA:219,0
DA:220,0
DA:222,1
DA:238,0
DA:246,1
DA:260,0
DA:266,1
DA:273,0
DA:274,0
DA:278,1
DA:280,0
DA:281,0
DA:283,1
DA:285,0
DA:287,1
DA:289,0
DA:290,0
DA:292,1
DA:294,0
DA:295,0
DA:297,1
DA:299,0
LF:73
LH:38
FN:52,86,FirewallDriver.__init__
FNDA:0,FirewallDriver.__init__
FN:89,91,FirewallDriver.is_connected
FNDA:0,FirewallDriver.is_connected
FN:94,96,FirewallDriver.last_error
FNDA:0,FirewallDriver.last_error
FN:101,112,FirewallDriver.connect
FNDA:0,FirewallDriver.connect
FN:115,122,FirewallDriver.disconnect
FNDA:0,FirewallDriver.disconnect
FN:125,151,FirewallDriver.get_rules
FNDA:0,FirewallDriver.get_rules
FN:154,178,FirewallDriver.get_rule_statistics
FNDA:0,FirewallDriver.get_rule_statistics
FN:181,199,FirewallDriver.check_health
FNDA:0,FirewallDriver.check_health
FN:203,220,FirewallDriver.get_rule_by_id
FNDA:0,FirewallDriver.get_rule_by_id
FN:222,244,FirewallDriver.get_system_info
FNDA:0,FirewallDriver.get_system_info
FN:246,262,FirewallDriver.commit_changes
FNDA:0,FirewallDriver.commit_changes
FN:266,276,FirewallDriver._check_connected
FNDA:0,FirewallDriver._check_connected
FN:278,281,FirewallDriver._set_error
FNDA:0,FirewallDriver._set_error
FN:283,285,FirewallDriver._clear_error
FNDA:0,FirewallDriver._clear_error
FN:287,290,FirewallDriver.__repr__
FNDA:0,FirewallDriver.__repr__
FN:292,295,FirewallDriver.__aenter__
FNDA:0,FirewallDriver.__aenter__
FN:297,299,FirewallDriver.__aexit__
FNDA:0,FirewallDriver.__aexit__
FNF:17
FNH:0
BRDA:217,0,jump to line 218,-
BRDA:217,0,jump to line 220,-
BRDA:218,0,jump to line 217,-
BRDA:218,0,jump to line 219,-
BRDA:273,0,jump to line 274,-
BRDA:273,0,return from function '_check_connected',-
BRF:6
BRH:0
end_of_record
SF:D:\VarnaAI\fwchange\backend\app\services\vendors\fortinet.py
DA:9,1
DA:10,1
DA:11,1
DA:12,1
DA:14,1
DA:21,1
DA:24,1
DA:47,1
DA:49,0
DA:50,0
DA:51,0
DA:52,0
DA:53,0
DA:55,1
DA:66,0
DA:67,0
DA:70,0
DA:77,0
DA:82,0
DA:85,0
DA:86,0
DA:88,0
DA:90,0
DA:95,0
DA:100,0
DA:101,0
DA:103,0
DA:104,0
DA:105,0
DA:107,0
DA:109,0
DA:110,0
DA:111,0
DA:112,0
DA:113,0
DA:114,0
DA:116,0
DA:117,0
DA:118,0
DA:120,0
DA:121,0
DA:122,0
DA:124,1
DA:127,0
DA:128,0
DA:129,0
DA:130,0
DA:131,0
DA:133,0
DA:134,0
DA:135,0
DA:137,0
DA:138,0
DA:139,0
DA:141,1
DA:152,0
DA:154,0
DA:156,0
DA:158,0
DA:163,0
DA:165,0
DA:166,0
DA:167,0
DA:168,0
DA:171,0
DA:172,0
DA:176,0
DA:177,0
DA:178,0
DA:179,0
DA:180,0
DA:181,0
DA:183,0
DA:185,0
DA:187,0
DA:188,0
DA:189,0
DA:191,1
DA:202,0
DA:204,0
DA:206,0
DA:208,0
DA:213,0
DA:215,0
DA:216,0
DA:217,0
DA:218,0
DA:229,0
DA:231,0
DA:233,0
DA:234,0
DA:235,0
DA:236,0
DA:238,1
DA:245,0
DA:247,0
DA:249,0
DA:255,0
DA:261,0
DA:266,0
DA:267,0
DA:269,0
DA:284,0
DA:286,0
DA:287,0
DA:288,0
DA:294,1
DA:301,0
DA:303,0
DA:304,0
DA:309,0
DA:310,0
DA:312,0
DA:314,0
DA:325,0
DA:326,0
DA:327,0
DA:331,1
DA:333,0
DA:334,0
DA:339,0
DA:346,0
DA:347,0
DA:348,0
DA:349,0
DA:352,0
DA:353,0
DA:355,0
DA:357,0
DA:358,0
DA:360,1
DA:380,0
DA:382,0
DA:383,0
DA:384,0
DA:386,0
DA:393,0
DA:395,0
DA:396,0
DA:398,0
DA:400,0
DA:401,0
DA:402,0
DA:403,0
DA:404,0
DA:405,0
DA:406,0
DA:407,0
DA:408,0
DA:409,0
DA:410,0
DA:412,0
DA:413,0
DA:415,0
DA:416,0
DA:418,1
DA:430,0
DA:431,0
DA:434,0
DA:435,0
DA:438,0
DA:441,0
DA:447,0
DA:449,0
DA:471,1
DA:473,0
DA:474,0
DA:475,0
DA:476,0
DA:478,0
DA:480,1
DA:482,0
DA:483,0
DA:485,0
DA:486,0
DA:487,0
DA:490,0
DA:491,0
DA:493,0
DA:497,1
DA:539,0
DA:541,0
DA:543,0
DA:559,0
DA:560,0
DA:563,0
DA:564,0
DA:565,0
DA:566,0
DA:567,0
DA:568,0
DA:569,0
DA:570,0
DA:571,0
DA:573,0
DA:575,0
DA:577,0
DA:579,0
DA:581,0
DA:582,0
DA:584,1
DA:622,0
DA:624,0
DA:625,0
DA:627,0
DA:636,0
DA:637,0
DA:638,0
DA:639,0
DA:641,0
DA:645,0
DA:654,0
DA:655,0
DA:656,0
DA:658,0
DA:660,0
DA:662,0
DA:664,0
DA:666,0
DA:667,0
DA:669,1
DA:682,0
DA:684,0
DA:685,0
DA:689,0
DA:697,0
DA:706,0
DA:707,0
DA:709,0
DA:711,0
DA:712,0
DA:714,1
DA:733,0
DA:735,0
DA:736,0
DA:742,0
DA:744,0
DA:746,0
DA:748,0
DA:749,0
DA:750,0
DA:751,0
DA:752,0
DA:753,0
DA:754,0
DA:756,0
DA:758,0
DA:760,0
DA:762,0
DA:764,0
DA:765,0
DA:767,1
DA:786,0
DA:788,0
DA:789,0
DA:796,0
DA:797,0
DA:798,0
DA:800,0
DA:802,0
DA:804,0
DA:806,0
DA:808,0
DA:809,0
LF:264
LH:24
FN:47,53,FortinetDriver.__init__
FNDA:0,FortinetDriver.__init__
FN:55,122,FortinetDriver.connect
FNDA:0,FortinetDriver.connect
FN:124,139,FortinetDriver.disconnect
FNDA:0,FortinetDriver.disconnect
FN:141,189,FortinetDriver.get_rules
FNDA:0,FortinetDriver.get_rules
FN:191,236,FortinetDriver.get_rule_statistics
FNDA:0,FortinetDriver.get_rule_statistics
FN:238,292,FortinetDriver.check_health
FNDA:0,FortinetDriver.check_health
FN:294,327,FortinetDriver.get_system_info
FNDA:0,FortinetDriver.get_system_info
FN:331,358,FortinetDriver._login_session
FNDA:0,FortinetDriver._login_session
FN:360,416,FortinetDriver._api_request
FNDA:0,FortinetDriver._api_request
FN:418,469,FortinetDriver._normalize_policy
FNDA:0,FortinetDriver._normalize_policy
FN:471,478,FortinetDriver._extract_name
FNDA:0,FortinetDriver._extract_name
FN:480,493,FortinetDriver._extract_ha_mode
FNDA:0,FortinetDriver._extract_ha_mode
FN:497,582,FortinetDriver.create_security_rule
FNDA:0,FortinetDriver.create_security_rule
FN:584,667,FortinetDriver.create_nat_rule
FNDA:0,FortinetDriver.create_nat_rule
FN:669,712,FortinetDriver.commit_changes
FNDA:0,FortinetDriver.commit_changes
FN:714,765,FortinetDriver.create_address_object
FNDA:0,FortinetDriver.create_address_object
FN:767,809,FortinetDriver.create_service_object
FNDA:0,FortinetDriver.create_service_object
FNF:17
FNH:0
BRDA:82,0,jump to line 85,-
BRDA:82,0,jump to line 86,-
BRDA:86,0,jump to line 88,-
BRDA:86,0,jump to line 90,-
BRDA:100,0,jump to line 101,-
BRDA:100,0,jump to line 103,-
BRDA:110,0,jump to line 111,-
BRDA:110,0,jump to line 113,-
BRDA:127,0,jump to line 128,-
BRDA:127,0,jump to line 133,-
BRDA:133,0,jump to line 134,-
BRDA:133,0,jump to line 137,-
BRDA:165,0,jump to line 166,-
BRDA:165,0,jump to line 171,-
BRDA:166,0,jump to line 167,-
BRDA:166,0,jump to line 171,-
BRDA:176,0,jump to line 177,-
BRDA:176,0,jump to line 183,-
BRDA:177,0,jump to line 178,-
BRDA:177,0,jump to line 183,-
BRDA:215,0,jump to line 216,-
BRDA:215,0,jump to line 229,-
BRDA:216,0,jump to line 217,-
BRDA:216,0,jump to line 229,-
BRDA:309,0,jump to line 310,-
BRDA:309,0,jump to line 312,-
BRDA:347,0,jump to line 348,-
BRDA:347,0,jump to line 352,-
BRDA:352,0,jump to line 353,-
BRDA:352,0,jump to line 355,-
BRDA:383,0,jump to line 384,-
BRDA:383,0,jump to line 386,-
BRDA:395,0,jump to line 396,-
BRDA:395,0,jump to line 398,-
BRDA:401,0,jump to line 402,-
BRDA:401,0,jump to line 403,-
BRDA:473,0,jump to line 474,-
BRDA:473,0,jump to line 475,-
BRDA:475,0,jump to line 476,-
BRDA:475,0,jump to line 478,-
BRDA:482,0,jump to line 483,-
BRDA:482,0,jump to line 485,-
BRDA:486,0,jump to line 487,-
BRDA:486,0,jump to line 490,-
BRDA:490,0,jump to line 491,-
BRDA:490,0,jump to line 493,-
BRDA:559,0,jump to line 560,-
BRDA:559,0,jump to line 563,-
BRDA:563,0,jump to line 564,-
BRDA:563,0,jump to line 573,-
BRDA:564,0,jump to line 565,-
BRDA:564,0,jump to line 566,-
BRDA:566,0,jump to line 567,-
BRDA:566,0,jump to line 568,-
BRDA:568,0,jump to line 569,-
BRDA:568,0,jump to line 570,-
BRDA:570,0,jump to line 571,-
BRDA:570,0,jump to line 573,-
BRDA:625,0,jump to line 627,-
BRDA:625,0,jump to line 645,-
BRDA:636,0,jump to line 637,-
BRDA:636,0,jump to line 638,-
BRDA:638,0,jump to line 639,-
BRDA:638,0,jump to line 641,-
BRDA:654,0,jump to line 655,-
BRDA:654,0,jump to line 658,-
BRDA:742,0,jump to line 744,-
BRDA:742,0,jump to line 749,-
BRDA:744,0,jump to line 746,-
BRDA:744,0,jump to line 748,-
BRDA:749,0,jump to line 750,-
BRDA:749,0,jump to line 753,-
BRDA:753,0,jump to line 754,-
BRDA:753,0,jump to line 756,-
BRDA:796,0,jump to line 797,-
BRDA:796,0,jump to line 800,-
BRF:76
BRH:0
end_of_record
SF:D:\VarnaAI\fwchange\backend\app\services\vendors\paloAlto.py
DA:9,1
DA:10,1
DA:11,1
DA:12,1
DA:13,1
DA:14,1
DA:15,1
DA:17,1
DA:24,1
DA:27,1
DA:49,1
DA:57,0
DA:58,0
DA:59,0
DA:60,0
DA:61,0
DA:62,0
DA:63,0
DA:65,1
DA:76,0
DA:77,0
DA:80,0
DA:87,0
DA:88,0
DA:89,0
DA:91,0
DA:92,0
DA:97,0
DA:99,0
DA:100,0
DA:103,0
DA:104,0
DA:107,0
DA:108,0
DA:110,0
DA:111,0
DA:113,0
DA:116,0
DA:117,0
DA:119,0
DA:120,0
DA:121,0
DA:123,0
DA:125,0
DA:126,0
DA:127,0
DA:129,0
DA:130,0
DA:131,0
DA:133,1
DA:135,0
DA:136,0
DA:137,0
DA:139,0
DA:140,0
DA:142,1
DA:153,0
DA:155,0
DA:157,0
DA:159,0
DA:161,0
DA:164,0
DA:166,0
DA:167,0
DA:169,0
DA:171,0
DA:172,0
DA:173,0
DA:176,0
DA:178,0
DA:180,0
DA:182,0
DA:183,0
DA:184,0
DA:186,1
DA:197,0
DA:199,0
DA:201,0
DA:203,0
DA:206,0
DA:208,0
DA:210,0
DA:211,0
DA:212,0
DA:215,0
DA:217,0
DA:219,0
DA:221,0
DA:222,0
DA:223,0
DA:225,0
DA:227,1
DA:234,0
DA:236,0
DA:238,0
DA:239,0
DA:242,0
DA:243,0
DA:245,0
DA:255,0
DA:257,0
DA:258,0
DA:259,0
DA:265,1
DA:272,0
DA:274,0
DA:275,0
DA:276,0
DA:278,0
DA:287,0
DA:288,0
DA:289,0
DA:293,1
DA:295,0
DA:296,0
DA:302,0
DA:303,0
DA:306,0
DA:307,0
DA:309,0
DA:310,0
DA:312,0
DA:313,0
DA:315,0
DA:317,0
DA:318,0
DA:320,1
DA:334,0
DA:335,0
DA:341,0
DA:342,0
DA:345,0
DA:348,0
DA:349,0
DA:350,0
DA:351,0
DA:353,0
DA:355,0
DA:356,0
DA:358,0
DA:359,0
DA:361,1
DA:371,0
DA:374,0
DA:375,0
DA:381,0
DA:382,0
DA:384,0
DA:385,0
DA:386,0
DA:387,0
DA:390,0
DA:392,0
DA:394,0
DA:396,1
DA:406,0
DA:408,0
DA:409,0
DA:410,0
DA:411,0
DA:413,0
DA:414,0
DA:415,0
DA:417,0
DA:423,0
DA:425,1
DA:426,1
DA:428,0
DA:429,0
DA:431,0
DA:432,0
DA:436,1
DA:476,0
DA:478,0
DA:480,0
DA:494,0
DA:495,0
DA:498,0
DA:499,0
DA:502,0
DA:503,0
DA:508,0
DA:509,0
DA:514,0
DA:519,0
DA:526,0
DA:528,0
DA:530,0
DA:531,0
DA:533,0
DA:534,0
DA:536,0
DA:537,0
DA:538,0
DA:539,0
DA:541,1
DA:579,0
DA:581,0
DA:583,0
DA:596,0
DA:597,0
DA:605,0
DA:606,0
DA:609,0
DA:610,0
DA:615,0
DA:620,0
DA:627,0
DA:629,0
DA:631,0
DA:632,0
DA:634,0
DA:635,0
DA:637,0
DA:638,0
DA:639,0
DA:640,0
DA:642,1
DA:652,0
DA:654,0
DA:655,0
DA:658,0
DA:664,0
DA:665,0
DA:668,0
DA:669,0
DA:671,0
DA:672,0
DA:673,0
DA:676,0
DA:677,0
DA:678,0
DA:680,0
DA:681,0
DA:684,0
DA:685,0
DA:687,0
DA:688,0
DA:690,0
DA:691,0
DA:692,0
DA:694,0
DA:695,0
DA:696,0
DA:697,0
DA:699,0
DA:700,0
DA:702,0
DA:704,0
DA:705,0
DA:706,0
DA:707,0
LF:252
LH:26
FN:49,63,PaloAltoDriver.__init__
FNDA:0,PaloAltoDriver.__init__
FN:65,131,PaloAltoDriver.connect
FNDA:0,PaloAltoDriver.connect
FN:133,140,PaloAltoDriver.disconnect
FNDA:0,PaloAltoDriver.disconnect
FN:142,184,PaloAltoDriver.get_rules
FNDA:0,PaloAltoDriver.get_rules
FN:186,225,PaloAltoDriver.get_rule_statistics
FNDA:0,PaloAltoDriver.get_rule_statistics
FN:227,263,PaloAltoDriver.check_health
FNDA:0,PaloAltoDriver.check_health
FN:265,289,PaloAltoDriver.get_system_info
FNDA:0,PaloAltoDriver.get_system_info
FN:293,318,PaloAltoDriver._generate_api_key
FNDA:0,PaloAltoDriver._generate_api_key
FN:320,359,PaloAltoDriver._api_request
FNDA:0,PaloAltoDriver._api_request
FN:361,394,PaloAltoDriver._parse_security_rules
FNDA:0,PaloAltoDriver._parse_security_rules
FN:396,423,PaloAltoDriver._parse_rule_statistics
FNDA:0,PaloAltoDriver._parse_rule_statistics
FN:426,432,PaloAltoDriver._extract_text
FNDA:0,PaloAltoDriver._extract_text
FN:436,539,PaloAltoDriver.create_security_rule
FNDA:0,PaloAltoDriver.create_security_rule
FN:541,640,PaloAltoDriver.create_nat_rule
FNDA:0,PaloAltoDriver.create_nat_rule
FN:642,707,PaloAltoDriver.commit_changes
FNDA:0,PaloAltoDriver.commit_changes
FNF:15
FNH:0
BRDA:87,0,jump to line 88,-
BRDA:87,0,jump to line 91,-
BRDA:91,0,jump to line 92,-
BRDA:91,0,jump to line 97,-
BRDA:99,0,jump to line 100,-
BRDA:99,0,jump to line 103,-
BRDA:107,0,jump to line 108,-
BRDA:107,0,jump to line 113,-
BRDA:135,0,jump to line 136,-
BRDA:135,0,jump to line 139,-
BRDA:159,0,jump to line 161,-
BRDA:159,0,jump to line 164,-
BRDA:171,0,jump to line 172,-
BRDA:171,0,jump to line 176,-
BRDA:210,0,jump to line 211,-
BRDA:210,0,jump to line 215,-
BRDA:309,0,jump to line 310,-
BRDA:309,0,jump to line 312,-
BRDA:349,0,jump to line 350,-
BRDA:349,0,jump to line 353,-
BRDA:374,0,jump to line 375,-
BRDA:374,0,jump to line 394,-
BRDA:381,0,jump to line 382,-
BRDA:381,0,jump to line 392,-
BRDA:382,0,jump to line 384,-
BRDA:382,0,jump to line 386,-
BRDA:386,0,jump to line 387,-
BRDA:386,0,jump to line 390,-
BRDA:408,0,jump to line 409,-
BRDA:408,0,jump to line 423,-
BRDA:410,0,jump to line 411,-
BRDA:410,0,jump to line 413,-
BRDA:428,0,jump to line 429,-
BRDA:428,0,jump to line 431,-
BRDA:494,0,jump to line 495,-
BRDA:494,0,jump to line 498,-
BRDA:498,0,jump to line 499,-
BRDA:498,0,jump to line 508,-
BRDA:502,0,jump to line 503,-
BRDA:502,0,jump to line 508,-
BRDA:530,0,jump to line 531,-
BRDA:530,0,jump to line 533,-
BRDA:596,0,jump to line 597,-
BRDA:596,0,jump to line 605,-
BRDA:605,0,jump to line 606,-
BRDA:605,0,jump to line 609,-
BRDA:631,0,jump to line 632,-
BRDA:631,0,jump to line 634,-
BRDA:671,0,jump to line 672,-
BRDA:671,0,jump to line 676,-
BRDA:677,0,jump to line 678,-
BRDA:677,0,jump to line 680,-
BRDA:684,0,jump to line 685,-
BRDA:684,0,jump to line 702,-
BRDA:690,0,jump to line 684,-
BRDA:690,0,jump to line 691,-
BRDA:694,0,jump to line 684,-
BRDA:694,0,jump to line 695,-
BRDA:695,0,jump to line 696,-
BRDA:695,0,jump to line 699,-
BRF:60
BRH:0
end_of_record
SF:D:\VarnaAI\fwchange\backend\app\services\webhook_dispatcher.py
DA:9,1
DA:10,1
DA:11,1
DA:12,1
DA:13,1
DA:14,1
DA:15,1
DA:17,1
DA:18,1
DA:20,1
DA:21,1
DA:29,1
DA:31,1
DA:34,1
DA:37,1
DA:38,1
DA:39,1
DA:41,1
DA:58,0
DA:59,0
DA:60,0
DA:62,0
DA:64,0
DA:72,0
DA:75,0
DA:81,0
DA:82,0
DA:83,0
DA:85,0
DA:90,0
DA:92,0
DA:97,0
DA:104,0
DA:106,0
DA:109,0
DA:110,0
DA:113,0
DA:114,0
DA:116,1
DA:124,0
DA:126,0
DA:129,0
DA:131,0
DA:132,0
DA:133,0
DA:135,0
DA:144,0
DA:146,0
DA:147,0
DA:148,0
DA:151,0
DA:152,0
DA:153,0
DA:154,0
DA:156,0
DA:159,0
DA:161,0
DA:163,0
DA:164,0
DA:165,0
DA:166,0
DA:169,0
DA:170,0
DA:171,0
DA:172,0
DA:174,0
DA:176,0
DA:179,0
DA:183,0
DA:184,0
DA:186,0
DA:188,0
DA:189,0
DA:191,0
DA:193,0
DA:198,0
DA:201,0
DA:204,0
DA:205,0
DA:206,0
DA:207,0
DA:210,0
DA:211,0
DA:212,0
DA:217,0
DA:219,0
DA:222,0
DA:224,1
DA:237,0
DA:239,0
DA:245,0
DA:246,0
DA:249,0
DA:250,0
DA:251,0
DA:252,0
DA:257,0
DA:260,0
DA:265,0
DA:266,0
DA:272,0
DA:279,0
DA:280,0
DA:284,0
DA:285,0
DA:289,0
DA:290,0
DA:291,0
DA:296,1
DA:309,0
DA:311,1
DA:318,0
DA:320,0
DA:321,0
DA:329,0
DA:331,0
DA:333,0
DA:335,0
DA:339,0
DA:341,1
DA:351,0
DA:352,0
DA:354,0
DA:359,0
DA:361,0
DA:362,0
DA:364,0
DA:366,0
DA:367,0
DA:371,1
LF:130
LH:24
FN:37,39,WebhookDispatcher.__init__
FNDA:1,WebhookDispatcher.__init__
FN:41,114,WebhookDispatcher.dispatch_event
FNDA:0,WebhookDispatcher.dispatch_event
FN:116,222,WebhookDispatcher._send_webhook_async
FNDA:0,WebhookDispatcher._send_webhook_async
FN:224,294,WebhookDispatcher._send_webhook_request
FNDA:0,WebhookDispatcher._send_webhook_request
FN:296,309,WebhookDispatcher.send_webhook_sync
FNDA:0,WebhookDispatcher.send_webhook_sync
FN:311,339,WebhookDispatcher.retry_failed_deliveries
FNDA:0,WebhookDispatcher.retry_failed_deliveries
FN:341,367,WebhookDispatcher.cleanup_old_deliveries
FNDA:0,WebhookDispatcher.cleanup_old_deliveries
FNF:7
FNH:1
BRDA:59,0,jump to line 60,-
BRDA:59,0,jump to line 62,-
BRDA:81,0,jump to line 82,-
BRDA:81,0,jump to line 85,-
BRDA:90,0,jump to line 92,-
BRDA:90,0,jump to line 106,-
BRDA:109,0,jump to line 110,-
BRDA:109,0,jump to line 113,-
BRDA:113,0,jump to line 114,-
BRDA:113,0,return from function 'dispatch_event',-
BRDA:131,0,jump to line 132,-
BRDA:131,0,jump to line 135,-
BRDA:146,0,jump to line 147,-
BRDA:146,0,jump to line 151,-
BRDA:152,0,jump to line 153,-
BRDA:152,0,jump to the function exit,-
BRDA:161,0,jump to line 163,-
BRDA:161,0,jump to line 183,-
BRDA:186,0,jump to line 188,-
BRDA:186,0,jump to line 201,-
BRDA:210,0,jump to line 211,-
BRDA:210,0,jump to line 217,-
BRDA:245,0,jump to line 246,-
BRDA:245,0,jump to line 249,-
BRDA:249,0,jump to line 250,-
BRDA:249,0,jump to line 260,-
BRDA:265,0,jump to line 266,-
BRDA:265,0,jump to line 272,-
BRDA:333,0,jump to line 335,-
BRDA:333,0,jump to line 339,-
BRDA:361,0,jump to line 362,-
BRDA:361,0,jump to line 364,-
BRF:32
BRH:0
end_of_record
SF:D:\VarnaAI\fwchange\backend\app\services\webhook_formatters.py
DA:9,1
DA:10,1
DA:13,1
DA:16,1
DA:17,1
DA:33,0
DA:34,0
DA:35,0
DA:36,0
DA:39,0
DA:42,1
DA:46,1
DA:62,1
DA:77,1
DA:78,1
DA:80,0
DA:81,0
DA:84,0
DA:87,0
DA:99,0
DA:100,0
DA:101,0
DA:107,0
DA:108,0
DA:109,0
DA:118,0
DA:128,0
DA:138,1
DA:139,1
DA:141,0
DA:155,0
DA:157,1
DA:158,1
DA:160,0
DA:163,0
DA:164,0
DA:169,0
DA:170,0
DA:171,0
DA:176,0
DA:177,0
DA:182,0
DA:183,0
DA:184,0
DA:189,0
DA:190,0
DA:195,0
DA:196,0
DA:197,0
DA:202,0
DA:203,0
DA:208,0
DA:209,0
DA:214,0
DA:217,1
DA:221,1
DA:236,1
DA:237,1
DA:239,0
DA:240,0
DA:243,0
DA:260,0
DA:262,1
DA:263,1
DA:265,0
DA:279,0
DA:281,1
DA:282,1
DA:286,0
DA:289,0
DA:298,0
DA:299,0
DA:300,0
DA:306,0
DA:307,0
DA:308,0
DA:316,0
DA:324,0
DA:326,1
DA:327,1
DA:329,0
DA:332,0
DA:333,0
DA:338,0
DA:339,0
DA:340,0
DA:345,0
DA:346,0
DA:351,0
DA:352,0
DA:357,0
DA:358,0
DA:363,0
DA:364,0
DA:365,0
DA:370,0
DA:371,0
DA:376,0
DA:377,0
DA:382,0
DA:386,1
DA:392,0
LF:102
LH:25
FN:17,39,WebhookPayloadFormatter.format_payload
FNDA:0,WebhookPayloadFormatter.format_payload
FN:78,136,SlackFormatter.format
FNDA:0,SlackFormatter.format
FN:139,155,SlackFormatter._get_event_title
FNDA:0,SlackFormatter._get_event_title
FN:158,214,SlackFormatter._get_event_fields
FNDA:0,SlackFormatter._get_event_fields
FN:237,260,TeamsFormatter.format
FNDA:0,TeamsFormatter.format
FN:263,279,TeamsFormatter._get_event_title
FNDA:0,TeamsFormatter._get_event_title
FN:282,324,TeamsFormatter._build_card_body
FNDA:0,TeamsFormatter._build_card_body
FN:327,382,TeamsFormatter._get_event_facts
FNDA:0,TeamsFormatter._get_event_facts
FN:386,392,format_webhook_payload
FNDA:0,format_webhook_payload
FNF:9
FNH:0
BRDA:33,0,jump to line 34,-
BRDA:33,0,jump to line 35,-
BRDA:35,0,jump to line 36,-
BRDA:35,0,jump to line 39,-
BRDA:100,0,jump to line 101,-
BRDA:100,0,jump to line 107,-
BRDA:108,0,jump to line 109,-
BRDA:108,0,jump to line 118,-
BRDA:163,0,jump to line 164,-
BRDA:163,0,jump to line 169,-
BRDA:169,0,jump to line 170,-
BRDA:169,0,jump to line 176,-
BRDA:176,0,jump to line 177,-
BRDA:176,0,jump to line 182,-
BRDA:182,0,jump to line 183,-
BRDA:182,0,jump to line 189,-
BRDA:189,0,jump to line 190,-
BRDA:189,0,jump to line 195,-
BRDA:195,0,jump to line 196,-
BRDA:195,0,jump to line 202,-
BRDA:202,0,jump to line 203,-
BRDA:202,0,jump to line 208,-
BRDA:208,0,jump to line 209,-
BRDA:208,0,jump to line 214,-
BRDA:299,0,jump to line 300,-
BRDA:299,0,jump to line 306,-
BRDA:307,0,jump to line 308,-
BRDA:307,0,jump to line 316,-
BRDA:332,0,jump to line 333,-
BRDA:332,0,jump to line 338,-
BRDA:338,0,jump to line 339,-
BRDA:338,0,jump to line 345,-
BRDA:345,0,jump to line 346,-
BRDA:345,0,jump to line 351,-
BRDA:351,0,jump to line 352,-
BRDA:351,0,jump to line 357,-
BRDA:357,0,jump to line 358,-
BRDA:357,0,jump to line 363,-
BRDA:363,0,jump to line 364,-
BRDA:363,0,jump to line 370,-
BRDA:370,0,jump to line 371,-
BRDA:370,0,jump to line 376,-
BRDA:376,0,jump to line 377,-
BRDA:376,0,jump to line 382,-
BRF:44
BRH:0
end_of_record
